2017-06-02 00:02:31.581 INFO  [main]o.s.t.c.s.DefaultTestContextBootstrapper.getDefaultTestExecutionListenerClassNames:260 - Loaded default TestExecutionListener class names from location [META-INF/spring.factories]: [org.springframework.test.context.web.ServletTestExecutionListener, org.springframework.test.context.support.DirtiesContextBeforeModesTestExecutionListener, org.springframework.test.context.support.DependencyInjectionTestExecutionListener, org.springframework.test.context.support.DirtiesContextTestExecutionListener, org.springframework.test.context.transaction.TransactionalTestExecutionListener, org.springframework.test.context.jdbc.SqlScriptsTestExecutionListener]
2017-06-02 00:02:31.597 INFO  [main]o.s.t.c.s.DefaultTestContextBootstrapper.getTestExecutionListeners:187 - Using TestExecutionListeners: [org.springframework.test.context.web.ServletTestExecutionListener@548ad73b, org.springframework.test.context.support.DirtiesContextBeforeModesTestExecutionListener@4c762604, org.springframework.test.context.support.DependencyInjectionTestExecutionListener@2641e737, org.springframework.test.context.support.DirtiesContextTestExecutionListener@727803de, org.springframework.test.context.transaction.TransactionalTestExecutionListener@704921a5, org.springframework.test.context.jdbc.SqlScriptsTestExecutionListener@df27fae]
2017-06-02 00:02:31.675 INFO  [main]o.s.b.f.xml.XmlBeanDefinitionReader.loadBeanDefinitions:317 - Loading XML bean definitions from class path resource [spring/spring-context.xml]
2017-06-02 00:02:31.894 INFO  [main]o.s.b.f.xml.XmlBeanDefinitionReader.loadBeanDefinitions:317 - Loading XML bean definitions from class path resource [spring/spring-ehcache.xml]
2017-06-02 00:02:31.925 INFO  [main]o.s.b.f.xml.XmlBeanDefinitionReader.loadBeanDefinitions:317 - Loading XML bean definitions from class path resource [spring/spring-shiro.xml]
2017-06-02 00:02:31.941 INFO  [main]o.s.b.f.xml.XmlBeanDefinitionReader.loadBeanDefinitions:317 - Loading XML bean definitions from class path resource [spring/spring-mvc.xml]
2017-06-02 00:02:32.050 INFO  [main]o.s.b.f.xml.XmlBeanDefinitionReader.loadBeanDefinitions:317 - Loading XML bean definitions from class path resource [spring/spring-redis.xml]
2017-06-02 00:02:32.055 INFO  [main]o.s.c.s.GenericApplicationContext.prepareRefresh:582 - Refreshing org.springframework.context.support.GenericApplicationContext@33b37288: startup date [Fri Jun 02 00:02:32 CST 2017]; root of context hierarchy
2017-06-02 00:02:32.805 INFO  [main]o.s.j.d.DriverManagerDataSource.setDriverClassName:133 - Loaded JDBC driver: com.mysql.jdbc.Driver
2017-06-02 00:02:32.805 INFO  [main]o.s.c.s.PostProcessorRegistrationDelegate$BeanPostProcessorChecker.postProcessAfterInitialization:325 - Bean 'dataSource' of type [org.springframework.jdbc.datasource.DriverManagerDataSource] is not eligible for getting processed by all BeanPostProcessors (for example: not eligible for auto-proxying)
2017-06-02 00:02:33.071 INFO  [main]o.s.c.s.PostProcessorRegistrationDelegate$BeanPostProcessorChecker.postProcessAfterInitialization:325 - Bean 'sqlSessionFactory' of type [org.mybatis.spring.SqlSessionFactoryBean] is not eligible for getting processed by all BeanPostProcessors (for example: not eligible for auto-proxying)
2017-06-02 00:02:33.085 INFO  [main]o.s.c.s.PostProcessorRegistrationDelegate$BeanPostProcessorChecker.postProcessAfterInitialization:325 - Bean 'sqlSessionFactory' of type [org.apache.ibatis.session.defaults.DefaultSqlSessionFactory] is not eligible for getting processed by all BeanPostProcessors (for example: not eligible for auto-proxying)
2017-06-02 00:02:33.086 INFO  [main]o.s.c.s.PostProcessorRegistrationDelegate$BeanPostProcessorChecker.postProcessAfterInitialization:325 - Bean 'sysUserDao' of type [org.mybatis.spring.mapper.MapperFactoryBean] is not eligible for getting processed by all BeanPostProcessors (for example: not eligible for auto-proxying)
2017-06-02 00:02:33.086 INFO  [main]o.s.c.s.PostProcessorRegistrationDelegate$BeanPostProcessorChecker.postProcessAfterInitialization:325 - Bean 'sysUserDao' of type [com.sun.proxy.$Proxy24] is not eligible for getting processed by all BeanPostProcessors (for example: not eligible for auto-proxying)
2017-06-02 00:02:33.086 INFO  [main]o.s.c.s.PostProcessorRegistrationDelegate$BeanPostProcessorChecker.postProcessAfterInitialization:325 - Bean 'sysUserServiceImpl' of type [com.qhcs.ssm.service.impl.admin.SysUserServiceImpl] is not eligible for getting processed by all BeanPostProcessors (for example: not eligible for auto-proxying)
2017-06-02 00:02:33.101 INFO  [main]o.s.c.s.PostProcessorRegistrationDelegate$BeanPostProcessorChecker.postProcessAfterInitialization:325 - Bean 'sysRoleDao' of type [org.mybatis.spring.mapper.MapperFactoryBean] is not eligible for getting processed by all BeanPostProcessors (for example: not eligible for auto-proxying)
2017-06-02 00:02:33.101 INFO  [main]o.s.c.s.PostProcessorRegistrationDelegate$BeanPostProcessorChecker.postProcessAfterInitialization:325 - Bean 'sysRoleDao' of type [com.sun.proxy.$Proxy25] is not eligible for getting processed by all BeanPostProcessors (for example: not eligible for auto-proxying)
2017-06-02 00:02:33.101 INFO  [main]o.s.c.s.PostProcessorRegistrationDelegate$BeanPostProcessorChecker.postProcessAfterInitialization:325 - Bean 'sysRoleServiceImpl' of type [com.qhcs.ssm.service.impl.admin.SysRoleServiceImpl] is not eligible for getting processed by all BeanPostProcessors (for example: not eligible for auto-proxying)
2017-06-02 00:02:33.101 INFO  [main]o.s.c.s.PostProcessorRegistrationDelegate$BeanPostProcessorChecker.postProcessAfterInitialization:325 - Bean 'sysFunctionDao' of type [org.mybatis.spring.mapper.MapperFactoryBean] is not eligible for getting processed by all BeanPostProcessors (for example: not eligible for auto-proxying)
2017-06-02 00:02:33.117 INFO  [main]o.s.c.s.PostProcessorRegistrationDelegate$BeanPostProcessorChecker.postProcessAfterInitialization:325 - Bean 'sysFunctionDao' of type [com.sun.proxy.$Proxy26] is not eligible for getting processed by all BeanPostProcessors (for example: not eligible for auto-proxying)
2017-06-02 00:02:33.117 INFO  [main]o.s.c.s.PostProcessorRegistrationDelegate$BeanPostProcessorChecker.postProcessAfterInitialization:325 - Bean 'sysFunctionServiceImpl' of type [com.qhcs.ssm.service.impl.admin.SysFunctionServiceImpl] is not eligible for getting processed by all BeanPostProcessors (for example: not eligible for auto-proxying)
2017-06-02 00:02:33.117 INFO  [main]o.s.c.s.PostProcessorRegistrationDelegate$BeanPostProcessorChecker.postProcessAfterInitialization:325 - Bean 'shiroDbRealm' of type [com.qhcs.ssm.common.auth.ShiroDbRealm] is not eligible for getting processed by all BeanPostProcessors (for example: not eligible for auto-proxying)
2017-06-02 00:02:33.132 INFO  [main]o.s.c.e.EhCacheManagerFactoryBean.afterPropertiesSet:130 - Initializing EhCache CacheManager
2017-06-02 00:02:33.304 INFO  [main]o.s.c.s.PostProcessorRegistrationDelegate$BeanPostProcessorChecker.postProcessAfterInitialization:325 - Bean 'ehcache' of type [org.springframework.cache.ehcache.EhCacheManagerFactoryBean] is not eligible for getting processed by all BeanPostProcessors (for example: not eligible for auto-proxying)
2017-06-02 00:02:33.304 INFO  [main]o.s.c.s.PostProcessorRegistrationDelegate$BeanPostProcessorChecker.postProcessAfterInitialization:325 - Bean 'ehcache' of type [net.sf.ehcache.CacheManager] is not eligible for getting processed by all BeanPostProcessors (for example: not eligible for auto-proxying)
2017-06-02 00:02:33.304 INFO  [main]o.s.c.s.PostProcessorRegistrationDelegate$BeanPostProcessorChecker.postProcessAfterInitialization:325 - Bean 'shiroCacheManager' of type [org.apache.shiro.cache.ehcache.EhCacheManager] is not eligible for getting processed by all BeanPostProcessors (for example: not eligible for auto-proxying)
2017-06-02 00:02:33.336 INFO  [main]o.s.c.s.PostProcessorRegistrationDelegate$BeanPostProcessorChecker.postProcessAfterInitialization:325 - Bean 'sessionIdGenerator' of type [org.apache.shiro.session.mgt.eis.JavaUuidSessionIdGenerator] is not eligible for getting processed by all BeanPostProcessors (for example: not eligible for auto-proxying)
2017-06-02 00:02:33.336 INFO  [main]o.s.c.s.PostProcessorRegistrationDelegate$BeanPostProcessorChecker.postProcessAfterInitialization:325 - Bean 'sessionDAO' of type [org.apache.shiro.session.mgt.eis.EnterpriseCacheSessionDAO] is not eligible for getting processed by all BeanPostProcessors (for example: not eligible for auto-proxying)
2017-06-02 00:02:33.336 INFO  [main]o.s.c.s.PostProcessorRegistrationDelegate$BeanPostProcessorChecker.postProcessAfterInitialization:325 - Bean 'sessionIdCookie' of type [org.apache.shiro.web.servlet.SimpleCookie] is not eligible for getting processed by all BeanPostProcessors (for example: not eligible for auto-proxying)
2017-06-02 00:02:33.336 INFO  [main]o.s.c.s.PostProcessorRegistrationDelegate$BeanPostProcessorChecker.postProcessAfterInitialization:325 - Bean 'sessionManager' of type [org.apache.shiro.web.session.mgt.DefaultWebSessionManager] is not eligible for getting processed by all BeanPostProcessors (for example: not eligible for auto-proxying)
2017-06-02 00:02:33.336 INFO  [main]o.a.s.cache.ehcache.EhCacheManager.getCache:158 - Cache with name 'com.qhcs.ssm.common.auth.ShiroDbRealm.authorizationCache' does not yet exist.  Creating now.
2017-06-02 00:02:33.351 INFO  [main]o.a.s.cache.ehcache.EhCacheManager.getCache:165 - Added EhCache named [com.qhcs.ssm.common.auth.ShiroDbRealm.authorizationCache]
2017-06-02 00:02:33.351 INFO  [main]o.s.c.s.PostProcessorRegistrationDelegate$BeanPostProcessorChecker.postProcessAfterInitialization:325 - Bean 'securityManager' of type [org.apache.shiro.web.mgt.DefaultWebSecurityManager] is not eligible for getting processed by all BeanPostProcessors (for example: not eligible for auto-proxying)
2017-06-02 00:02:33.351 INFO  [main]o.s.c.s.PostProcessorRegistrationDelegate$BeanPostProcessorChecker.postProcessAfterInitialization:325 - Bean 'org.apache.shiro.spring.security.interceptor.AuthorizationAttributeSourceAdvisor#0' of type [org.apache.shiro.spring.security.interceptor.AuthorizationAttributeSourceAdvisor] is not eligible for getting processed by all BeanPostProcessors (for example: not eligible for auto-proxying)
2017-06-02 00:02:33.993 INFO  [main]o.s.w.s.m.m.a.RequestMappingHandlerMapping.register:543 - Mapped "{[/admin || /admin/index]}" onto public java.lang.String com.qhcs.ssm.controller.admin.AdminController.index()
2017-06-02 00:02:33.993 INFO  [main]o.s.w.s.m.m.a.RequestMappingHandlerMapping.register:543 - Mapped "{[/admin/logout]}" onto public java.lang.String com.qhcs.ssm.controller.admin.AdminController.logout(org.springframework.ui.Model)
2017-06-02 00:02:33.993 INFO  [main]o.s.w.s.m.m.a.RequestMappingHandlerMapping.register:543 - Mapped "{[/admin/login],methods=[POST]}" onto public java.lang.String com.qhcs.ssm.controller.admin.AdminController.login(com.qhcs.ssm.entity.admin.SysUser,org.springframework.validation.BindingResult,org.springframework.ui.Model)
2017-06-02 00:02:33.993 INFO  [main]o.s.w.s.m.m.a.RequestMappingHandlerMapping.register:543 - Mapped "{[/admin/login],methods=[GET]}" onto public java.lang.String com.qhcs.ssm.controller.admin.AdminController.login()
2017-06-02 00:02:34.009 INFO  [main]o.s.w.s.m.m.a.RequestMappingHandlerMapping.register:543 - Mapped "{[/getArticleById],methods=[GET]}" onto public com.qhcs.ssm.entity.article.Article com.qhcs.ssm.controller.article.ArticleController.getArticleById(java.lang.Integer)
2017-06-02 00:02:34.009 INFO  [main]o.s.w.s.m.m.a.RequestMappingHandlerMapping.register:543 - Mapped "{[/deleteArticle],methods=[POST]}" onto public java.lang.String com.qhcs.ssm.controller.article.ArticleController.deleteArticle(java.lang.Integer[])
2017-06-02 00:02:34.009 INFO  [main]o.s.w.s.m.m.a.RequestMappingHandlerMapping.register:543 - Mapped "{[/updateArticle],methods=[POST]}" onto public java.lang.String com.qhcs.ssm.controller.article.ArticleController.updateArticle(com.qhcs.ssm.entity.article.Article)
2017-06-02 00:02:34.009 INFO  [main]o.s.w.s.m.m.a.RequestMappingHandlerMapping.register:543 - Mapped "{[/addArticle],methods=[POST]}" onto public java.lang.String com.qhcs.ssm.controller.article.ArticleController.addArticle(com.qhcs.ssm.entity.article.Article)
2017-06-02 00:02:34.009 INFO  [main]o.s.w.s.m.m.a.RequestMappingHandlerMapping.register:543 - Mapped "{[/article/{id}]}" onto public java.lang.String com.qhcs.ssm.controller.article.ArticleController.article(java.lang.String,org.springframework.ui.Model)
2017-06-02 00:02:34.009 INFO  [main]o.s.w.s.m.m.a.RequestMappingHandlerMapping.register:543 - Mapped "{[/article]}" onto public java.lang.String com.qhcs.ssm.controller.article.ArticleController.articleList(com.qhcs.ssm.page.article.ArticlePage,org.springframework.ui.Model)
2017-06-02 00:02:34.087 INFO  [main]o.h.validator.internal.util.Version.<clinit>:30 - HV000001: Hibernate Validator 5.4.1.Final
2017-06-02 00:02:34.571 INFO  [main]o.s.w.s.m.m.a.RequestMappingHandlerAdapter.initControllerAdviceCache:534 - Looking for @ControllerAdvice: org.springframework.context.support.GenericApplicationContext@33b37288: startup date [Fri Jun 02 00:02:32 CST 2017]; root of context hierarchy
2017-06-02 00:02:34.774 INFO  [main]o.s.w.s.m.m.a.RequestMappingHandlerAdapter.initControllerAdviceCache:534 - Looking for @ControllerAdvice: org.springframework.context.support.GenericApplicationContext@33b37288: startup date [Fri Jun 02 00:02:32 CST 2017]; root of context hierarchy
2017-06-02 00:02:35.024 INFO  [main]o.s.w.s.h.SimpleUrlHandlerMapping.registerHandler:362 - Mapped URL path [/**] onto handler 'org.springframework.web.servlet.resource.DefaultServletHttpRequestHandler#0'
2017-06-02 00:02:35.763 INFO  [Thread-3]o.s.c.s.GenericApplicationContext.doClose:987 - Closing org.springframework.context.support.GenericApplicationContext@33b37288: startup date [Fri Jun 02 00:02:32 CST 2017]; root of context hierarchy
2017-06-02 00:02:35.763 INFO  [Thread-3]o.s.c.e.EhCacheManagerFactoryBean.destroy:187 - Shutting down EhCache CacheManager
2017-06-02 17:23:42.892 INFO  [main]o.s.t.c.s.DefaultTestContextBootstrapper.getDefaultTestExecutionListenerClassNames:260 - Loaded default TestExecutionListener class names from location [META-INF/spring.factories]: [org.springframework.test.context.web.ServletTestExecutionListener, org.springframework.test.context.support.DirtiesContextBeforeModesTestExecutionListener, org.springframework.test.context.support.DependencyInjectionTestExecutionListener, org.springframework.test.context.support.DirtiesContextTestExecutionListener, org.springframework.test.context.transaction.TransactionalTestExecutionListener, org.springframework.test.context.jdbc.SqlScriptsTestExecutionListener]
2017-06-02 17:23:42.920 INFO  [main]o.s.t.c.s.DefaultTestContextBootstrapper.getTestExecutionListeners:187 - Using TestExecutionListeners: [org.springframework.test.context.web.ServletTestExecutionListener@548ad73b, org.springframework.test.context.support.DirtiesContextBeforeModesTestExecutionListener@4c762604, org.springframework.test.context.support.DependencyInjectionTestExecutionListener@2641e737, org.springframework.test.context.support.DirtiesContextTestExecutionListener@727803de, org.springframework.test.context.transaction.TransactionalTestExecutionListener@704921a5, org.springframework.test.context.jdbc.SqlScriptsTestExecutionListener@df27fae]
2017-06-02 17:23:43.012 INFO  [main]o.s.b.f.xml.XmlBeanDefinitionReader.loadBeanDefinitions:317 - Loading XML bean definitions from class path resource [spring/spring-context.xml]
2017-06-02 17:23:43.320 INFO  [main]o.s.b.f.xml.XmlBeanDefinitionReader.loadBeanDefinitions:317 - Loading XML bean definitions from class path resource [spring/spring-ehcache.xml]
2017-06-02 17:23:43.368 INFO  [main]o.s.b.f.xml.XmlBeanDefinitionReader.loadBeanDefinitions:317 - Loading XML bean definitions from class path resource [spring/spring-shiro.xml]
2017-06-02 17:23:43.405 INFO  [main]o.s.b.f.xml.XmlBeanDefinitionReader.loadBeanDefinitions:317 - Loading XML bean definitions from class path resource [spring/spring-mvc.xml]
2017-06-02 17:23:43.605 INFO  [main]o.s.b.f.xml.XmlBeanDefinitionReader.loadBeanDefinitions:317 - Loading XML bean definitions from class path resource [spring/spring-redis.xml]
2017-06-02 17:23:43.624 INFO  [main]o.s.c.s.GenericApplicationContext.prepareRefresh:582 - Refreshing org.springframework.context.support.GenericApplicationContext@33b37288: startup date [Fri Jun 02 17:23:43 CST 2017]; root of context hierarchy
2017-06-02 17:23:44.882 INFO  [main]o.s.j.d.DriverManagerDataSource.setDriverClassName:133 - Loaded JDBC driver: com.mysql.jdbc.Driver
2017-06-02 17:23:44.884 INFO  [main]o.s.c.s.PostProcessorRegistrationDelegate$BeanPostProcessorChecker.postProcessAfterInitialization:325 - Bean 'dataSource' of type [org.springframework.jdbc.datasource.DriverManagerDataSource] is not eligible for getting processed by all BeanPostProcessors (for example: not eligible for auto-proxying)
2017-06-02 17:23:45.285 INFO  [main]o.s.c.s.PostProcessorRegistrationDelegate$BeanPostProcessorChecker.postProcessAfterInitialization:325 - Bean 'sqlSessionFactory' of type [org.mybatis.spring.SqlSessionFactoryBean] is not eligible for getting processed by all BeanPostProcessors (for example: not eligible for auto-proxying)
2017-06-02 17:23:45.286 INFO  [main]o.s.c.s.PostProcessorRegistrationDelegate$BeanPostProcessorChecker.postProcessAfterInitialization:325 - Bean 'sqlSessionFactory' of type [org.apache.ibatis.session.defaults.DefaultSqlSessionFactory] is not eligible for getting processed by all BeanPostProcessors (for example: not eligible for auto-proxying)
2017-06-02 17:23:45.297 INFO  [main]o.s.c.s.PostProcessorRegistrationDelegate$BeanPostProcessorChecker.postProcessAfterInitialization:325 - Bean 'sysUserDao' of type [org.mybatis.spring.mapper.MapperFactoryBean] is not eligible for getting processed by all BeanPostProcessors (for example: not eligible for auto-proxying)
2017-06-02 17:23:45.301 INFO  [main]o.s.c.s.PostProcessorRegistrationDelegate$BeanPostProcessorChecker.postProcessAfterInitialization:325 - Bean 'sysUserDao' of type [com.sun.proxy.$Proxy24] is not eligible for getting processed by all BeanPostProcessors (for example: not eligible for auto-proxying)
2017-06-02 17:23:45.303 INFO  [main]o.s.c.s.PostProcessorRegistrationDelegate$BeanPostProcessorChecker.postProcessAfterInitialization:325 - Bean 'sysUserServiceImpl' of type [com.qhcs.ssm.service.impl.admin.SysUserServiceImpl] is not eligible for getting processed by all BeanPostProcessors (for example: not eligible for auto-proxying)
2017-06-02 17:23:45.309 INFO  [main]o.s.c.s.PostProcessorRegistrationDelegate$BeanPostProcessorChecker.postProcessAfterInitialization:325 - Bean 'sysRoleDao' of type [org.mybatis.spring.mapper.MapperFactoryBean] is not eligible for getting processed by all BeanPostProcessors (for example: not eligible for auto-proxying)
2017-06-02 17:23:45.312 INFO  [main]o.s.c.s.PostProcessorRegistrationDelegate$BeanPostProcessorChecker.postProcessAfterInitialization:325 - Bean 'sysRoleDao' of type [com.sun.proxy.$Proxy25] is not eligible for getting processed by all BeanPostProcessors (for example: not eligible for auto-proxying)
2017-06-02 17:23:45.313 INFO  [main]o.s.c.s.PostProcessorRegistrationDelegate$BeanPostProcessorChecker.postProcessAfterInitialization:325 - Bean 'sysRoleServiceImpl' of type [com.qhcs.ssm.service.impl.admin.SysRoleServiceImpl] is not eligible for getting processed by all BeanPostProcessors (for example: not eligible for auto-proxying)
2017-06-02 17:23:45.319 INFO  [main]o.s.c.s.PostProcessorRegistrationDelegate$BeanPostProcessorChecker.postProcessAfterInitialization:325 - Bean 'sysFunctionDao' of type [org.mybatis.spring.mapper.MapperFactoryBean] is not eligible for getting processed by all BeanPostProcessors (for example: not eligible for auto-proxying)
2017-06-02 17:23:45.321 INFO  [main]o.s.c.s.PostProcessorRegistrationDelegate$BeanPostProcessorChecker.postProcessAfterInitialization:325 - Bean 'sysFunctionDao' of type [com.sun.proxy.$Proxy26] is not eligible for getting processed by all BeanPostProcessors (for example: not eligible for auto-proxying)
2017-06-02 17:23:45.322 INFO  [main]o.s.c.s.PostProcessorRegistrationDelegate$BeanPostProcessorChecker.postProcessAfterInitialization:325 - Bean 'sysFunctionServiceImpl' of type [com.qhcs.ssm.service.impl.admin.SysFunctionServiceImpl] is not eligible for getting processed by all BeanPostProcessors (for example: not eligible for auto-proxying)
2017-06-02 17:23:45.323 INFO  [main]o.s.c.s.PostProcessorRegistrationDelegate$BeanPostProcessorChecker.postProcessAfterInitialization:325 - Bean 'shiroDbRealm' of type [com.qhcs.ssm.common.auth.ShiroDbRealm] is not eligible for getting processed by all BeanPostProcessors (for example: not eligible for auto-proxying)
2017-06-02 17:23:45.353 INFO  [main]o.s.c.e.EhCacheManagerFactoryBean.afterPropertiesSet:130 - Initializing EhCache CacheManager
2017-06-02 17:23:45.609 INFO  [main]o.s.c.s.PostProcessorRegistrationDelegate$BeanPostProcessorChecker.postProcessAfterInitialization:325 - Bean 'ehcache' of type [org.springframework.cache.ehcache.EhCacheManagerFactoryBean] is not eligible for getting processed by all BeanPostProcessors (for example: not eligible for auto-proxying)
2017-06-02 17:23:45.610 INFO  [main]o.s.c.s.PostProcessorRegistrationDelegate$BeanPostProcessorChecker.postProcessAfterInitialization:325 - Bean 'ehcache' of type [net.sf.ehcache.CacheManager] is not eligible for getting processed by all BeanPostProcessors (for example: not eligible for auto-proxying)
2017-06-02 17:23:45.611 INFO  [main]o.s.c.s.PostProcessorRegistrationDelegate$BeanPostProcessorChecker.postProcessAfterInitialization:325 - Bean 'shiroCacheManager' of type [org.apache.shiro.cache.ehcache.EhCacheManager] is not eligible for getting processed by all BeanPostProcessors (for example: not eligible for auto-proxying)
2017-06-02 17:23:45.633 INFO  [main]o.s.c.s.PostProcessorRegistrationDelegate$BeanPostProcessorChecker.postProcessAfterInitialization:325 - Bean 'sessionIdGenerator' of type [org.apache.shiro.session.mgt.eis.JavaUuidSessionIdGenerator] is not eligible for getting processed by all BeanPostProcessors (for example: not eligible for auto-proxying)
2017-06-02 17:23:45.635 INFO  [main]o.s.c.s.PostProcessorRegistrationDelegate$BeanPostProcessorChecker.postProcessAfterInitialization:325 - Bean 'sessionDAO' of type [org.apache.shiro.session.mgt.eis.EnterpriseCacheSessionDAO] is not eligible for getting processed by all BeanPostProcessors (for example: not eligible for auto-proxying)
2017-06-02 17:23:45.646 INFO  [main]o.s.c.s.PostProcessorRegistrationDelegate$BeanPostProcessorChecker.postProcessAfterInitialization:325 - Bean 'sessionIdCookie' of type [org.apache.shiro.web.servlet.SimpleCookie] is not eligible for getting processed by all BeanPostProcessors (for example: not eligible for auto-proxying)
2017-06-02 17:23:45.647 INFO  [main]o.s.c.s.PostProcessorRegistrationDelegate$BeanPostProcessorChecker.postProcessAfterInitialization:325 - Bean 'sessionManager' of type [org.apache.shiro.web.session.mgt.DefaultWebSessionManager] is not eligible for getting processed by all BeanPostProcessors (for example: not eligible for auto-proxying)
2017-06-02 17:23:45.648 INFO  [main]o.a.s.cache.ehcache.EhCacheManager.getCache:158 - Cache with name 'com.qhcs.ssm.common.auth.ShiroDbRealm.authorizationCache' does not yet exist.  Creating now.
2017-06-02 17:23:45.661 INFO  [main]o.a.s.cache.ehcache.EhCacheManager.getCache:165 - Added EhCache named [com.qhcs.ssm.common.auth.ShiroDbRealm.authorizationCache]
2017-06-02 17:23:45.665 INFO  [main]o.s.c.s.PostProcessorRegistrationDelegate$BeanPostProcessorChecker.postProcessAfterInitialization:325 - Bean 'securityManager' of type [org.apache.shiro.web.mgt.DefaultWebSecurityManager] is not eligible for getting processed by all BeanPostProcessors (for example: not eligible for auto-proxying)
2017-06-02 17:23:45.666 INFO  [main]o.s.c.s.PostProcessorRegistrationDelegate$BeanPostProcessorChecker.postProcessAfterInitialization:325 - Bean 'org.apache.shiro.spring.security.interceptor.AuthorizationAttributeSourceAdvisor#0' of type [org.apache.shiro.spring.security.interceptor.AuthorizationAttributeSourceAdvisor] is not eligible for getting processed by all BeanPostProcessors (for example: not eligible for auto-proxying)
2017-06-02 17:23:46.694 INFO  [main]o.s.w.s.m.m.a.RequestMappingHandlerMapping.register:543 - Mapped "{[/admin || /admin/index]}" onto public java.lang.String com.qhcs.ssm.controller.admin.AdminController.index()
2017-06-02 17:23:46.696 INFO  [main]o.s.w.s.m.m.a.RequestMappingHandlerMapping.register:543 - Mapped "{[/admin/login],methods=[POST]}" onto public java.lang.String com.qhcs.ssm.controller.admin.AdminController.login(com.qhcs.ssm.entity.admin.SysUser,org.springframework.validation.BindingResult,org.springframework.ui.Model)
2017-06-02 17:23:46.697 INFO  [main]o.s.w.s.m.m.a.RequestMappingHandlerMapping.register:543 - Mapped "{[/admin/login],methods=[GET]}" onto public java.lang.String com.qhcs.ssm.controller.admin.AdminController.login()
2017-06-02 17:23:46.698 INFO  [main]o.s.w.s.m.m.a.RequestMappingHandlerMapping.register:543 - Mapped "{[/admin/logout]}" onto public java.lang.String com.qhcs.ssm.controller.admin.AdminController.logout(org.springframework.ui.Model)
2017-06-02 17:23:46.703 INFO  [main]o.s.w.s.m.m.a.RequestMappingHandlerMapping.register:543 - Mapped "{[/getArticleById],methods=[GET]}" onto public com.qhcs.ssm.entity.article.Article com.qhcs.ssm.controller.article.ArticleController.getArticleById(java.lang.Integer)
2017-06-02 17:23:46.705 INFO  [main]o.s.w.s.m.m.a.RequestMappingHandlerMapping.register:543 - Mapped "{[/addArticle],methods=[POST]}" onto public java.lang.String com.qhcs.ssm.controller.article.ArticleController.addArticle(com.qhcs.ssm.entity.article.Article)
2017-06-02 17:23:46.708 INFO  [main]o.s.w.s.m.m.a.RequestMappingHandlerMapping.register:543 - Mapped "{[/updateArticle],methods=[POST]}" onto public java.lang.String com.qhcs.ssm.controller.article.ArticleController.updateArticle(com.qhcs.ssm.entity.article.Article)
2017-06-02 17:23:46.709 INFO  [main]o.s.w.s.m.m.a.RequestMappingHandlerMapping.register:543 - Mapped "{[/deleteArticle],methods=[POST]}" onto public java.lang.String com.qhcs.ssm.controller.article.ArticleController.deleteArticle(java.lang.Integer[])
2017-06-02 17:23:46.710 INFO  [main]o.s.w.s.m.m.a.RequestMappingHandlerMapping.register:543 - Mapped "{[/article/{id}]}" onto public java.lang.String com.qhcs.ssm.controller.article.ArticleController.article(java.lang.String,org.springframework.ui.Model)
2017-06-02 17:23:46.710 INFO  [main]o.s.w.s.m.m.a.RequestMappingHandlerMapping.register:543 - Mapped "{[/article]}" onto public java.lang.String com.qhcs.ssm.controller.article.ArticleController.articleList(com.qhcs.ssm.page.article.ArticlePage,org.springframework.ui.Model)
2017-06-02 17:23:46.865 INFO  [main]o.h.validator.internal.util.Version.<clinit>:30 - HV000001: Hibernate Validator 5.4.1.Final
2017-06-02 17:23:47.697 INFO  [main]o.s.w.s.m.m.a.RequestMappingHandlerAdapter.initControllerAdviceCache:534 - Looking for @ControllerAdvice: org.springframework.context.support.GenericApplicationContext@33b37288: startup date [Fri Jun 02 17:23:43 CST 2017]; root of context hierarchy
2017-06-02 17:23:48.013 INFO  [main]o.s.w.s.m.m.a.RequestMappingHandlerAdapter.initControllerAdviceCache:534 - Looking for @ControllerAdvice: org.springframework.context.support.GenericApplicationContext@33b37288: startup date [Fri Jun 02 17:23:43 CST 2017]; root of context hierarchy
2017-06-02 17:23:48.383 INFO  [main]o.s.w.s.h.SimpleUrlHandlerMapping.registerHandler:362 - Mapped URL path [/**] onto handler 'org.springframework.web.servlet.resource.DefaultServletHttpRequestHandler#0'
2017-06-02 17:23:48.760 INFO  [Thread-3]o.s.c.s.GenericApplicationContext.doClose:987 - Closing org.springframework.context.support.GenericApplicationContext@33b37288: startup date [Fri Jun 02 17:23:43 CST 2017]; root of context hierarchy
2017-06-02 17:23:48.765 INFO  [Thread-3]o.s.c.e.EhCacheManagerFactoryBean.destroy:187 - Shutting down EhCache CacheManager
