2017-06-01 23:57:38.571 INFO  [main]o.s.t.c.s.DefaultTestContextBootstrapper.getDefaultTestExecutionListenerClassNames:260 - Loaded default TestExecutionListener class names from location [META-INF/spring.factories]: [org.springframework.test.context.web.ServletTestExecutionListener, org.springframework.test.context.support.DirtiesContextBeforeModesTestExecutionListener, org.springframework.test.context.support.DependencyInjectionTestExecutionListener, org.springframework.test.context.support.DirtiesContextTestExecutionListener, org.springframework.test.context.transaction.TransactionalTestExecutionListener, org.springframework.test.context.jdbc.SqlScriptsTestExecutionListener]
2017-06-01 23:57:38.586 INFO  [main]o.s.t.c.s.DefaultTestContextBootstrapper.getTestExecutionListeners:187 - Using TestExecutionListeners: [org.springframework.test.context.web.ServletTestExecutionListener@548ad73b, org.springframework.test.context.support.DirtiesContextBeforeModesTestExecutionListener@4c762604, org.springframework.test.context.support.DependencyInjectionTestExecutionListener@2641e737, org.springframework.test.context.support.DirtiesContextTestExecutionListener@727803de, org.springframework.test.context.transaction.TransactionalTestExecutionListener@704921a5, org.springframework.test.context.jdbc.SqlScriptsTestExecutionListener@df27fae]
2017-06-01 23:57:38.649 INFO  [main]o.s.b.f.xml.XmlBeanDefinitionReader.loadBeanDefinitions:317 - Loading XML bean definitions from class path resource [spring/spring-context.xml]
2017-06-01 23:57:38.899 INFO  [main]o.s.b.f.xml.XmlBeanDefinitionReader.loadBeanDefinitions:317 - Loading XML bean definitions from class path resource [spring/spring-ehcache.xml]
2017-06-01 23:57:38.946 INFO  [main]o.s.b.f.xml.XmlBeanDefinitionReader.loadBeanDefinitions:317 - Loading XML bean definitions from class path resource [spring/spring-shiro.xml]
2017-06-01 23:57:38.963 INFO  [main]o.s.b.f.xml.XmlBeanDefinitionReader.loadBeanDefinitions:317 - Loading XML bean definitions from class path resource [spring/spring-mvc.xml]
2017-06-01 23:57:39.073 INFO  [main]o.s.b.f.xml.XmlBeanDefinitionReader.loadBeanDefinitions:317 - Loading XML bean definitions from class path resource [spring/spring-redis.xml]
2017-06-01 23:57:39.088 INFO  [main]o.s.c.s.GenericApplicationContext.prepareRefresh:582 - Refreshing org.springframework.context.support.GenericApplicationContext@33b37288: startup date [Thu Jun 01 23:57:39 CST 2017]; root of context hierarchy
2017-06-01 23:57:39.807 INFO  [main]o.s.j.d.DriverManagerDataSource.setDriverClassName:133 - Loaded JDBC driver: com.mysql.jdbc.Driver
2017-06-01 23:57:39.807 INFO  [main]o.s.c.s.PostProcessorRegistrationDelegate$BeanPostProcessorChecker.postProcessAfterInitialization:325 - Bean 'dataSource' of type [org.springframework.jdbc.datasource.DriverManagerDataSource] is not eligible for getting processed by all BeanPostProcessors (for example: not eligible for auto-proxying)
2017-06-01 23:57:40.089 INFO  [main]o.s.c.s.PostProcessorRegistrationDelegate$BeanPostProcessorChecker.postProcessAfterInitialization:325 - Bean 'sqlSessionFactory' of type [org.mybatis.spring.SqlSessionFactoryBean] is not eligible for getting processed by all BeanPostProcessors (for example: not eligible for auto-proxying)
2017-06-01 23:57:40.092 INFO  [main]o.s.c.s.PostProcessorRegistrationDelegate$BeanPostProcessorChecker.postProcessAfterInitialization:325 - Bean 'sqlSessionFactory' of type [org.apache.ibatis.session.defaults.DefaultSqlSessionFactory] is not eligible for getting processed by all BeanPostProcessors (for example: not eligible for auto-proxying)
2017-06-01 23:57:40.093 INFO  [main]o.s.c.s.PostProcessorRegistrationDelegate$BeanPostProcessorChecker.postProcessAfterInitialization:325 - Bean 'sysUserDao' of type [org.mybatis.spring.mapper.MapperFactoryBean] is not eligible for getting processed by all BeanPostProcessors (for example: not eligible for auto-proxying)
2017-06-01 23:57:40.093 INFO  [main]o.s.c.s.PostProcessorRegistrationDelegate$BeanPostProcessorChecker.postProcessAfterInitialization:325 - Bean 'sysUserDao' of type [com.sun.proxy.$Proxy24] is not eligible for getting processed by all BeanPostProcessors (for example: not eligible for auto-proxying)
2017-06-01 23:57:40.093 INFO  [main]o.s.c.s.PostProcessorRegistrationDelegate$BeanPostProcessorChecker.postProcessAfterInitialization:325 - Bean 'sysUserServiceImpl' of type [com.qhcs.ssm.service.impl.admin.SysUserServiceImpl] is not eligible for getting processed by all BeanPostProcessors (for example: not eligible for auto-proxying)
2017-06-01 23:57:40.093 INFO  [main]o.s.c.s.PostProcessorRegistrationDelegate$BeanPostProcessorChecker.postProcessAfterInitialization:325 - Bean 'sysRoleDao' of type [org.mybatis.spring.mapper.MapperFactoryBean] is not eligible for getting processed by all BeanPostProcessors (for example: not eligible for auto-proxying)
2017-06-01 23:57:40.093 INFO  [main]o.s.c.s.PostProcessorRegistrationDelegate$BeanPostProcessorChecker.postProcessAfterInitialization:325 - Bean 'sysRoleDao' of type [com.sun.proxy.$Proxy25] is not eligible for getting processed by all BeanPostProcessors (for example: not eligible for auto-proxying)
2017-06-01 23:57:40.093 INFO  [main]o.s.c.s.PostProcessorRegistrationDelegate$BeanPostProcessorChecker.postProcessAfterInitialization:325 - Bean 'sysRoleServiceImpl' of type [com.qhcs.ssm.service.impl.admin.SysRoleServiceImpl] is not eligible for getting processed by all BeanPostProcessors (for example: not eligible for auto-proxying)
2017-06-01 23:57:40.109 INFO  [main]o.s.c.s.PostProcessorRegistrationDelegate$BeanPostProcessorChecker.postProcessAfterInitialization:325 - Bean 'sysFunctionDao' of type [org.mybatis.spring.mapper.MapperFactoryBean] is not eligible for getting processed by all BeanPostProcessors (for example: not eligible for auto-proxying)
2017-06-01 23:57:40.109 INFO  [main]o.s.c.s.PostProcessorRegistrationDelegate$BeanPostProcessorChecker.postProcessAfterInitialization:325 - Bean 'sysFunctionDao' of type [com.sun.proxy.$Proxy26] is not eligible for getting processed by all BeanPostProcessors (for example: not eligible for auto-proxying)
2017-06-01 23:57:40.109 INFO  [main]o.s.c.s.PostProcessorRegistrationDelegate$BeanPostProcessorChecker.postProcessAfterInitialization:325 - Bean 'sysFunctionServiceImpl' of type [com.qhcs.ssm.service.impl.admin.SysFunctionServiceImpl] is not eligible for getting processed by all BeanPostProcessors (for example: not eligible for auto-proxying)
2017-06-01 23:57:40.109 INFO  [main]o.s.c.s.PostProcessorRegistrationDelegate$BeanPostProcessorChecker.postProcessAfterInitialization:325 - Bean 'shiroDbRealm' of type [com.qhcs.ssm.common.auth.ShiroDbRealm] is not eligible for getting processed by all BeanPostProcessors (for example: not eligible for auto-proxying)
2017-06-01 23:57:40.125 INFO  [main]o.s.c.e.EhCacheManagerFactoryBean.afterPropertiesSet:130 - Initializing EhCache CacheManager
2017-06-01 23:57:40.281 INFO  [main]o.s.c.s.PostProcessorRegistrationDelegate$BeanPostProcessorChecker.postProcessAfterInitialization:325 - Bean 'ehcache' of type [org.springframework.cache.ehcache.EhCacheManagerFactoryBean] is not eligible for getting processed by all BeanPostProcessors (for example: not eligible for auto-proxying)
2017-06-01 23:57:40.281 INFO  [main]o.s.c.s.PostProcessorRegistrationDelegate$BeanPostProcessorChecker.postProcessAfterInitialization:325 - Bean 'ehcache' of type [net.sf.ehcache.CacheManager] is not eligible for getting processed by all BeanPostProcessors (for example: not eligible for auto-proxying)
2017-06-01 23:57:40.281 INFO  [main]o.s.c.s.PostProcessorRegistrationDelegate$BeanPostProcessorChecker.postProcessAfterInitialization:325 - Bean 'shiroCacheManager' of type [org.apache.shiro.cache.ehcache.EhCacheManager] is not eligible for getting processed by all BeanPostProcessors (for example: not eligible for auto-proxying)
2017-06-01 23:57:40.297 INFO  [main]o.s.c.s.PostProcessorRegistrationDelegate$BeanPostProcessorChecker.postProcessAfterInitialization:325 - Bean 'sessionIdGenerator' of type [org.apache.shiro.session.mgt.eis.JavaUuidSessionIdGenerator] is not eligible for getting processed by all BeanPostProcessors (for example: not eligible for auto-proxying)
2017-06-01 23:57:40.297 INFO  [main]o.s.c.s.PostProcessorRegistrationDelegate$BeanPostProcessorChecker.postProcessAfterInitialization:325 - Bean 'sessionDAO' of type [org.apache.shiro.session.mgt.eis.EnterpriseCacheSessionDAO] is not eligible for getting processed by all BeanPostProcessors (for example: not eligible for auto-proxying)
2017-06-01 23:57:40.312 INFO  [main]o.s.c.s.PostProcessorRegistrationDelegate$BeanPostProcessorChecker.postProcessAfterInitialization:325 - Bean 'sessionIdCookie' of type [org.apache.shiro.web.servlet.SimpleCookie] is not eligible for getting processed by all BeanPostProcessors (for example: not eligible for auto-proxying)
2017-06-01 23:57:40.312 INFO  [main]o.s.c.s.PostProcessorRegistrationDelegate$BeanPostProcessorChecker.postProcessAfterInitialization:325 - Bean 'sessionManager' of type [org.apache.shiro.web.session.mgt.DefaultWebSessionManager] is not eligible for getting processed by all BeanPostProcessors (for example: not eligible for auto-proxying)
2017-06-01 23:57:40.312 INFO  [main]o.a.s.cache.ehcache.EhCacheManager.getCache:158 - Cache with name 'com.qhcs.ssm.common.auth.ShiroDbRealm.authorizationCache' does not yet exist.  Creating now.
2017-06-01 23:57:40.312 INFO  [main]o.a.s.cache.ehcache.EhCacheManager.getCache:165 - Added EhCache named [com.qhcs.ssm.common.auth.ShiroDbRealm.authorizationCache]
2017-06-01 23:57:40.312 INFO  [main]o.s.c.s.PostProcessorRegistrationDelegate$BeanPostProcessorChecker.postProcessAfterInitialization:325 - Bean 'securityManager' of type [org.apache.shiro.web.mgt.DefaultWebSecurityManager] is not eligible for getting processed by all BeanPostProcessors (for example: not eligible for auto-proxying)
2017-06-01 23:57:40.312 INFO  [main]o.s.c.s.PostProcessorRegistrationDelegate$BeanPostProcessorChecker.postProcessAfterInitialization:325 - Bean 'org.apache.shiro.spring.security.interceptor.AuthorizationAttributeSourceAdvisor#0' of type [org.apache.shiro.spring.security.interceptor.AuthorizationAttributeSourceAdvisor] is not eligible for getting processed by all BeanPostProcessors (for example: not eligible for auto-proxying)
2017-06-01 23:57:52.928 INFO  [main]o.s.w.s.m.m.a.RequestMappingHandlerMapping.register:543 - Mapped "{[/admin || /admin/index]}" onto public java.lang.String com.qhcs.ssm.controller.admin.AdminController.index()
2017-06-01 23:57:52.944 INFO  [main]o.s.w.s.m.m.a.RequestMappingHandlerMapping.register:543 - Mapped "{[/admin/login],methods=[POST]}" onto public java.lang.String com.qhcs.ssm.controller.admin.AdminController.login(com.qhcs.ssm.entity.admin.SysUser,org.springframework.validation.BindingResult,org.springframework.ui.Model)
2017-06-01 23:57:52.944 INFO  [main]o.s.w.s.m.m.a.RequestMappingHandlerMapping.register:543 - Mapped "{[/admin/login],methods=[GET]}" onto public java.lang.String com.qhcs.ssm.controller.admin.AdminController.login()
2017-06-01 23:57:52.944 INFO  [main]o.s.w.s.m.m.a.RequestMappingHandlerMapping.register:543 - Mapped "{[/admin/logout]}" onto public java.lang.String com.qhcs.ssm.controller.admin.AdminController.logout(org.springframework.ui.Model)
2017-06-01 23:57:52.944 INFO  [main]o.s.w.s.m.m.a.RequestMappingHandlerMapping.register:543 - Mapped "{[/getArticleById],methods=[GET]}" onto public com.qhcs.ssm.entity.article.Article com.qhcs.ssm.controller.article.ArticleController.getArticleById(java.lang.Integer)
2017-06-01 23:57:52.944 INFO  [main]o.s.w.s.m.m.a.RequestMappingHandlerMapping.register:543 - Mapped "{[/updateArticle],methods=[POST]}" onto public java.lang.String com.qhcs.ssm.controller.article.ArticleController.updateArticle(com.qhcs.ssm.entity.article.Article)
2017-06-01 23:57:52.944 INFO  [main]o.s.w.s.m.m.a.RequestMappingHandlerMapping.register:543 - Mapped "{[/addArticle],methods=[POST]}" onto public java.lang.String com.qhcs.ssm.controller.article.ArticleController.addArticle(com.qhcs.ssm.entity.article.Article)
2017-06-01 23:57:52.944 INFO  [main]o.s.w.s.m.m.a.RequestMappingHandlerMapping.register:543 - Mapped "{[/deleteArticle],methods=[POST]}" onto public java.lang.String com.qhcs.ssm.controller.article.ArticleController.deleteArticle(java.lang.Integer[])
2017-06-01 23:57:52.944 INFO  [main]o.s.w.s.m.m.a.RequestMappingHandlerMapping.register:543 - Mapped "{[/article]}" onto public java.lang.String com.qhcs.ssm.controller.article.ArticleController.articleList(com.qhcs.ssm.page.article.ArticlePage,org.springframework.ui.Model)
2017-06-01 23:57:52.944 INFO  [main]o.s.w.s.m.m.a.RequestMappingHandlerMapping.register:543 - Mapped "{[/article/{id}]}" onto public java.lang.String com.qhcs.ssm.controller.article.ArticleController.article(java.lang.String,org.springframework.ui.Model)
2017-06-01 23:57:53.054 INFO  [main]o.h.validator.internal.util.Version.<clinit>:30 - HV000001: Hibernate Validator 5.4.1.Final
2017-06-01 23:57:53.539 INFO  [main]o.s.w.s.m.m.a.RequestMappingHandlerAdapter.initControllerAdviceCache:534 - Looking for @ControllerAdvice: org.springframework.context.support.GenericApplicationContext@33b37288: startup date [Thu Jun 01 23:57:39 CST 2017]; root of context hierarchy
2017-06-01 23:57:53.774 INFO  [main]o.s.w.s.m.m.a.RequestMappingHandlerAdapter.initControllerAdviceCache:534 - Looking for @ControllerAdvice: org.springframework.context.support.GenericApplicationContext@33b37288: startup date [Thu Jun 01 23:57:39 CST 2017]; root of context hierarchy
2017-06-01 23:57:54.008 INFO  [main]o.s.w.s.h.SimpleUrlHandlerMapping.registerHandler:362 - Mapped URL path [/**] onto handler 'org.springframework.web.servlet.resource.DefaultServletHttpRequestHandler#0'
2017-06-01 23:57:54.248 INFO  [Thread-3]o.s.c.s.GenericApplicationContext.doClose:987 - Closing org.springframework.context.support.GenericApplicationContext@33b37288: startup date [Thu Jun 01 23:57:39 CST 2017]; root of context hierarchy
2017-06-01 23:57:54.263 INFO  [Thread-3]o.s.c.e.EhCacheManagerFactoryBean.destroy:187 - Shutting down EhCache CacheManager
2017-06-01 23:58:39.820 INFO  [main]o.s.t.c.s.DefaultTestContextBootstrapper.getDefaultTestExecutionListenerClassNames:260 - Loaded default TestExecutionListener class names from location [META-INF/spring.factories]: [org.springframework.test.context.web.ServletTestExecutionListener, org.springframework.test.context.support.DirtiesContextBeforeModesTestExecutionListener, org.springframework.test.context.support.DependencyInjectionTestExecutionListener, org.springframework.test.context.support.DirtiesContextTestExecutionListener, org.springframework.test.context.transaction.TransactionalTestExecutionListener, org.springframework.test.context.jdbc.SqlScriptsTestExecutionListener]
2017-06-01 23:58:39.835 INFO  [main]o.s.t.c.s.DefaultTestContextBootstrapper.getTestExecutionListeners:187 - Using TestExecutionListeners: [org.springframework.test.context.web.ServletTestExecutionListener@548ad73b, org.springframework.test.context.support.DirtiesContextBeforeModesTestExecutionListener@4c762604, org.springframework.test.context.support.DependencyInjectionTestExecutionListener@2641e737, org.springframework.test.context.support.DirtiesContextTestExecutionListener@727803de, org.springframework.test.context.transaction.TransactionalTestExecutionListener@704921a5, org.springframework.test.context.jdbc.SqlScriptsTestExecutionListener@df27fae]
2017-06-01 23:58:39.913 INFO  [main]o.s.b.f.xml.XmlBeanDefinitionReader.loadBeanDefinitions:317 - Loading XML bean definitions from class path resource [spring/spring-context.xml]
2017-06-01 23:58:40.132 INFO  [main]o.s.b.f.xml.XmlBeanDefinitionReader.loadBeanDefinitions:317 - Loading XML bean definitions from class path resource [spring/spring-ehcache.xml]
2017-06-01 23:58:40.163 INFO  [main]o.s.b.f.xml.XmlBeanDefinitionReader.loadBeanDefinitions:317 - Loading XML bean definitions from class path resource [spring/spring-shiro.xml]
2017-06-01 23:58:40.179 INFO  [main]o.s.b.f.xml.XmlBeanDefinitionReader.loadBeanDefinitions:317 - Loading XML bean definitions from class path resource [spring/spring-mvc.xml]
2017-06-01 23:58:40.289 INFO  [main]o.s.b.f.xml.XmlBeanDefinitionReader.loadBeanDefinitions:317 - Loading XML bean definitions from class path resource [spring/spring-redis.xml]
2017-06-01 23:58:40.302 INFO  [main]o.s.c.s.GenericApplicationContext.prepareRefresh:582 - Refreshing org.springframework.context.support.GenericApplicationContext@33b37288: startup date [Thu Jun 01 23:58:40 CST 2017]; root of context hierarchy
2017-06-01 23:58:41.068 INFO  [main]o.s.j.d.DriverManagerDataSource.setDriverClassName:133 - Loaded JDBC driver: com.mysql.jdbc.Driver
2017-06-01 23:58:41.068 INFO  [main]o.s.c.s.PostProcessorRegistrationDelegate$BeanPostProcessorChecker.postProcessAfterInitialization:325 - Bean 'dataSource' of type [org.springframework.jdbc.datasource.DriverManagerDataSource] is not eligible for getting processed by all BeanPostProcessors (for example: not eligible for auto-proxying)
2017-06-01 23:58:41.380 INFO  [main]o.s.c.s.PostProcessorRegistrationDelegate$BeanPostProcessorChecker.postProcessAfterInitialization:325 - Bean 'sqlSessionFactory' of type [org.mybatis.spring.SqlSessionFactoryBean] is not eligible for getting processed by all BeanPostProcessors (for example: not eligible for auto-proxying)
2017-06-01 23:58:41.383 INFO  [main]o.s.c.s.PostProcessorRegistrationDelegate$BeanPostProcessorChecker.postProcessAfterInitialization:325 - Bean 'sqlSessionFactory' of type [org.apache.ibatis.session.defaults.DefaultSqlSessionFactory] is not eligible for getting processed by all BeanPostProcessors (for example: not eligible for auto-proxying)
2017-06-01 23:58:41.384 INFO  [main]o.s.c.s.PostProcessorRegistrationDelegate$BeanPostProcessorChecker.postProcessAfterInitialization:325 - Bean 'sysUserDao' of type [org.mybatis.spring.mapper.MapperFactoryBean] is not eligible for getting processed by all BeanPostProcessors (for example: not eligible for auto-proxying)
2017-06-01 23:58:41.384 INFO  [main]o.s.c.s.PostProcessorRegistrationDelegate$BeanPostProcessorChecker.postProcessAfterInitialization:325 - Bean 'sysUserDao' of type [com.sun.proxy.$Proxy24] is not eligible for getting processed by all BeanPostProcessors (for example: not eligible for auto-proxying)
2017-06-01 23:58:41.384 INFO  [main]o.s.c.s.PostProcessorRegistrationDelegate$BeanPostProcessorChecker.postProcessAfterInitialization:325 - Bean 'sysUserServiceImpl' of type [com.qhcs.ssm.service.impl.admin.SysUserServiceImpl] is not eligible for getting processed by all BeanPostProcessors (for example: not eligible for auto-proxying)
2017-06-01 23:58:41.399 INFO  [main]o.s.c.s.PostProcessorRegistrationDelegate$BeanPostProcessorChecker.postProcessAfterInitialization:325 - Bean 'sysRoleDao' of type [org.mybatis.spring.mapper.MapperFactoryBean] is not eligible for getting processed by all BeanPostProcessors (for example: not eligible for auto-proxying)
2017-06-01 23:58:41.399 INFO  [main]o.s.c.s.PostProcessorRegistrationDelegate$BeanPostProcessorChecker.postProcessAfterInitialization:325 - Bean 'sysRoleDao' of type [com.sun.proxy.$Proxy25] is not eligible for getting processed by all BeanPostProcessors (for example: not eligible for auto-proxying)
2017-06-01 23:58:41.399 INFO  [main]o.s.c.s.PostProcessorRegistrationDelegate$BeanPostProcessorChecker.postProcessAfterInitialization:325 - Bean 'sysRoleServiceImpl' of type [com.qhcs.ssm.service.impl.admin.SysRoleServiceImpl] is not eligible for getting processed by all BeanPostProcessors (for example: not eligible for auto-proxying)
2017-06-01 23:58:41.399 INFO  [main]o.s.c.s.PostProcessorRegistrationDelegate$BeanPostProcessorChecker.postProcessAfterInitialization:325 - Bean 'sysFunctionDao' of type [org.mybatis.spring.mapper.MapperFactoryBean] is not eligible for getting processed by all BeanPostProcessors (for example: not eligible for auto-proxying)
2017-06-01 23:58:41.415 INFO  [main]o.s.c.s.PostProcessorRegistrationDelegate$BeanPostProcessorChecker.postProcessAfterInitialization:325 - Bean 'sysFunctionDao' of type [com.sun.proxy.$Proxy26] is not eligible for getting processed by all BeanPostProcessors (for example: not eligible for auto-proxying)
2017-06-01 23:58:41.415 INFO  [main]o.s.c.s.PostProcessorRegistrationDelegate$BeanPostProcessorChecker.postProcessAfterInitialization:325 - Bean 'sysFunctionServiceImpl' of type [com.qhcs.ssm.service.impl.admin.SysFunctionServiceImpl] is not eligible for getting processed by all BeanPostProcessors (for example: not eligible for auto-proxying)
2017-06-01 23:58:41.415 INFO  [main]o.s.c.s.PostProcessorRegistrationDelegate$BeanPostProcessorChecker.postProcessAfterInitialization:325 - Bean 'shiroDbRealm' of type [com.qhcs.ssm.common.auth.ShiroDbRealm] is not eligible for getting processed by all BeanPostProcessors (for example: not eligible for auto-proxying)
2017-06-01 23:58:41.430 INFO  [main]o.s.c.e.EhCacheManagerFactoryBean.afterPropertiesSet:130 - Initializing EhCache CacheManager
2017-06-01 23:58:41.602 INFO  [main]o.s.c.s.PostProcessorRegistrationDelegate$BeanPostProcessorChecker.postProcessAfterInitialization:325 - Bean 'ehcache' of type [org.springframework.cache.ehcache.EhCacheManagerFactoryBean] is not eligible for getting processed by all BeanPostProcessors (for example: not eligible for auto-proxying)
2017-06-01 23:58:41.602 INFO  [main]o.s.c.s.PostProcessorRegistrationDelegate$BeanPostProcessorChecker.postProcessAfterInitialization:325 - Bean 'ehcache' of type [net.sf.ehcache.CacheManager] is not eligible for getting processed by all BeanPostProcessors (for example: not eligible for auto-proxying)
2017-06-01 23:58:41.602 INFO  [main]o.s.c.s.PostProcessorRegistrationDelegate$BeanPostProcessorChecker.postProcessAfterInitialization:325 - Bean 'shiroCacheManager' of type [org.apache.shiro.cache.ehcache.EhCacheManager] is not eligible for getting processed by all BeanPostProcessors (for example: not eligible for auto-proxying)
2017-06-01 23:58:41.618 INFO  [main]o.s.c.s.PostProcessorRegistrationDelegate$BeanPostProcessorChecker.postProcessAfterInitialization:325 - Bean 'sessionIdGenerator' of type [org.apache.shiro.session.mgt.eis.JavaUuidSessionIdGenerator] is not eligible for getting processed by all BeanPostProcessors (for example: not eligible for auto-proxying)
2017-06-01 23:58:41.618 INFO  [main]o.s.c.s.PostProcessorRegistrationDelegate$BeanPostProcessorChecker.postProcessAfterInitialization:325 - Bean 'sessionDAO' of type [org.apache.shiro.session.mgt.eis.EnterpriseCacheSessionDAO] is not eligible for getting processed by all BeanPostProcessors (for example: not eligible for auto-proxying)
2017-06-01 23:58:41.634 INFO  [main]o.s.c.s.PostProcessorRegistrationDelegate$BeanPostProcessorChecker.postProcessAfterInitialization:325 - Bean 'sessionIdCookie' of type [org.apache.shiro.web.servlet.SimpleCookie] is not eligible for getting processed by all BeanPostProcessors (for example: not eligible for auto-proxying)
2017-06-01 23:58:41.634 INFO  [main]o.s.c.s.PostProcessorRegistrationDelegate$BeanPostProcessorChecker.postProcessAfterInitialization:325 - Bean 'sessionManager' of type [org.apache.shiro.web.session.mgt.DefaultWebSessionManager] is not eligible for getting processed by all BeanPostProcessors (for example: not eligible for auto-proxying)
2017-06-01 23:58:41.634 INFO  [main]o.a.s.cache.ehcache.EhCacheManager.getCache:158 - Cache with name 'com.qhcs.ssm.common.auth.ShiroDbRealm.authorizationCache' does not yet exist.  Creating now.
2017-06-01 23:58:41.634 INFO  [main]o.a.s.cache.ehcache.EhCacheManager.getCache:165 - Added EhCache named [com.qhcs.ssm.common.auth.ShiroDbRealm.authorizationCache]
2017-06-01 23:58:41.649 INFO  [main]o.s.c.s.PostProcessorRegistrationDelegate$BeanPostProcessorChecker.postProcessAfterInitialization:325 - Bean 'securityManager' of type [org.apache.shiro.web.mgt.DefaultWebSecurityManager] is not eligible for getting processed by all BeanPostProcessors (for example: not eligible for auto-proxying)
2017-06-01 23:58:41.649 INFO  [main]o.s.c.s.PostProcessorRegistrationDelegate$BeanPostProcessorChecker.postProcessAfterInitialization:325 - Bean 'org.apache.shiro.spring.security.interceptor.AuthorizationAttributeSourceAdvisor#0' of type [org.apache.shiro.spring.security.interceptor.AuthorizationAttributeSourceAdvisor] is not eligible for getting processed by all BeanPostProcessors (for example: not eligible for auto-proxying)
2017-06-01 23:58:54.315 INFO  [main]o.s.w.s.m.m.a.RequestMappingHandlerMapping.register:543 - Mapped "{[/admin || /admin/index]}" onto public java.lang.String com.qhcs.ssm.controller.admin.AdminController.index()
2017-06-01 23:58:54.327 INFO  [main]o.s.w.s.m.m.a.RequestMappingHandlerMapping.register:543 - Mapped "{[/admin/login],methods=[POST]}" onto public java.lang.String com.qhcs.ssm.controller.admin.AdminController.login(com.qhcs.ssm.entity.admin.SysUser,org.springframework.validation.BindingResult,org.springframework.ui.Model)
2017-06-01 23:58:54.327 INFO  [main]o.s.w.s.m.m.a.RequestMappingHandlerMapping.register:543 - Mapped "{[/admin/login],methods=[GET]}" onto public java.lang.String com.qhcs.ssm.controller.admin.AdminController.login()
2017-06-01 23:58:54.327 INFO  [main]o.s.w.s.m.m.a.RequestMappingHandlerMapping.register:543 - Mapped "{[/admin/logout]}" onto public java.lang.String com.qhcs.ssm.controller.admin.AdminController.logout(org.springframework.ui.Model)
2017-06-01 23:58:54.327 INFO  [main]o.s.w.s.m.m.a.RequestMappingHandlerMapping.register:543 - Mapped "{[/getArticleById],methods=[GET]}" onto public com.qhcs.ssm.entity.article.Article com.qhcs.ssm.controller.article.ArticleController.getArticleById(java.lang.Integer)
2017-06-01 23:58:54.327 INFO  [main]o.s.w.s.m.m.a.RequestMappingHandlerMapping.register:543 - Mapped "{[/deleteArticle],methods=[POST]}" onto public java.lang.String com.qhcs.ssm.controller.article.ArticleController.deleteArticle(java.lang.Integer[])
2017-06-01 23:58:54.327 INFO  [main]o.s.w.s.m.m.a.RequestMappingHandlerMapping.register:543 - Mapped "{[/updateArticle],methods=[POST]}" onto public java.lang.String com.qhcs.ssm.controller.article.ArticleController.updateArticle(com.qhcs.ssm.entity.article.Article)
2017-06-01 23:58:54.327 INFO  [main]o.s.w.s.m.m.a.RequestMappingHandlerMapping.register:543 - Mapped "{[/addArticle],methods=[POST]}" onto public java.lang.String com.qhcs.ssm.controller.article.ArticleController.addArticle(com.qhcs.ssm.entity.article.Article)
2017-06-01 23:58:54.327 INFO  [main]o.s.w.s.m.m.a.RequestMappingHandlerMapping.register:543 - Mapped "{[/article/{id}]}" onto public java.lang.String com.qhcs.ssm.controller.article.ArticleController.article(java.lang.String,org.springframework.ui.Model)
2017-06-01 23:58:54.327 INFO  [main]o.s.w.s.m.m.a.RequestMappingHandlerMapping.register:543 - Mapped "{[/article]}" onto public java.lang.String com.qhcs.ssm.controller.article.ArticleController.articleList(com.qhcs.ssm.page.article.ArticlePage,org.springframework.ui.Model)
2017-06-01 23:58:54.421 INFO  [main]o.h.validator.internal.util.Version.<clinit>:30 - HV000001: Hibernate Validator 5.4.1.Final
2017-06-01 23:58:54.890 INFO  [main]o.s.w.s.m.m.a.RequestMappingHandlerAdapter.initControllerAdviceCache:534 - Looking for @ControllerAdvice: org.springframework.context.support.GenericApplicationContext@33b37288: startup date [Thu Jun 01 23:58:40 CST 2017]; root of context hierarchy
2017-06-01 23:58:55.093 INFO  [main]o.s.w.s.m.m.a.RequestMappingHandlerAdapter.initControllerAdviceCache:534 - Looking for @ControllerAdvice: org.springframework.context.support.GenericApplicationContext@33b37288: startup date [Thu Jun 01 23:58:40 CST 2017]; root of context hierarchy
2017-06-01 23:58:55.312 INFO  [main]o.s.w.s.h.SimpleUrlHandlerMapping.registerHandler:362 - Mapped URL path [/**] onto handler 'org.springframework.web.servlet.resource.DefaultServletHttpRequestHandler#0'
2017-06-01 23:58:55.515 INFO  [Thread-3]o.s.c.s.GenericApplicationContext.doClose:987 - Closing org.springframework.context.support.GenericApplicationContext@33b37288: startup date [Thu Jun 01 23:58:40 CST 2017]; root of context hierarchy
2017-06-01 23:58:55.526 INFO  [Thread-3]o.s.c.e.EhCacheManagerFactoryBean.destroy:187 - Shutting down EhCache CacheManager
