2017-06-05 20:01:50.099 INFO  [main]o.s.t.c.s.DefaultTestContextBootstrapper.getDefaultTestExecutionListenerClassNames:260 - Loaded default TestExecutionListener class names from location [META-INF/spring.factories]: [org.springframework.test.context.web.ServletTestExecutionListener, org.springframework.test.context.support.DirtiesContextBeforeModesTestExecutionListener, org.springframework.test.context.support.DependencyInjectionTestExecutionListener, org.springframework.test.context.support.DirtiesContextTestExecutionListener, org.springframework.test.context.transaction.TransactionalTestExecutionListener, org.springframework.test.context.jdbc.SqlScriptsTestExecutionListener]
2017-06-05 20:01:50.126 INFO  [main]o.s.t.c.s.DefaultTestContextBootstrapper.getTestExecutionListeners:187 - Using TestExecutionListeners: [org.springframework.test.context.web.ServletTestExecutionListener@df27fae, org.springframework.test.context.support.DirtiesContextBeforeModesTestExecutionListener@24a35978, org.springframework.test.context.support.DependencyInjectionTestExecutionListener@16f7c8c1, org.springframework.test.context.support.DirtiesContextTestExecutionListener@2f0a87b3, org.springframework.test.context.transaction.TransactionalTestExecutionListener@319b92f3, org.springframework.test.context.jdbc.SqlScriptsTestExecutionListener@fcd6521]
2017-06-05 20:01:50.202 INFO  [main]o.s.b.f.xml.XmlBeanDefinitionReader.loadBeanDefinitions:317 - Loading XML bean definitions from class path resource [spring/spring-context.xml]
2017-06-05 20:01:50.437 INFO  [main]o.s.b.f.xml.XmlBeanDefinitionReader.loadBeanDefinitions:317 - Loading XML bean definitions from class path resource [spring/spring-ehcache.xml]
2017-06-05 20:01:50.473 INFO  [main]o.s.b.f.xml.XmlBeanDefinitionReader.loadBeanDefinitions:317 - Loading XML bean definitions from class path resource [spring/spring-shiro.xml]
2017-06-05 20:01:50.507 INFO  [main]o.s.b.f.xml.XmlBeanDefinitionReader.loadBeanDefinitions:317 - Loading XML bean definitions from class path resource [spring/spring-mvc.xml]
2017-06-05 20:01:50.615 INFO  [main]o.s.b.f.xml.XmlBeanDefinitionReader.loadBeanDefinitions:317 - Loading XML bean definitions from class path resource [spring/spring-redis.xml]
2017-06-05 20:01:50.631 INFO  [main]o.s.c.s.GenericApplicationContext.prepareRefresh:582 - Refreshing org.springframework.context.support.GenericApplicationContext@32464a14: startup date [Mon Jun 05 20:01:50 CST 2017]; root of context hierarchy
2017-06-05 20:01:52.005 INFO  [main]c.alibaba.druid.pool.DruidDataSource.init:794 - {dataSource-1} inited
2017-06-05 20:01:52.006 INFO  [main]o.s.c.s.PostProcessorRegistrationDelegate$BeanPostProcessorChecker.postProcessAfterInitialization:325 - Bean 'dataSource' of type [com.alibaba.druid.pool.DruidDataSource] is not eligible for getting processed by all BeanPostProcessors (for example: not eligible for auto-proxying)
2017-06-05 20:01:52.369 INFO  [main]o.s.c.s.PostProcessorRegistrationDelegate$BeanPostProcessorChecker.postProcessAfterInitialization:325 - Bean 'sqlSessionFactory' of type [org.mybatis.spring.SqlSessionFactoryBean] is not eligible for getting processed by all BeanPostProcessors (for example: not eligible for auto-proxying)
2017-06-05 20:01:52.370 INFO  [main]o.s.c.s.PostProcessorRegistrationDelegate$BeanPostProcessorChecker.postProcessAfterInitialization:325 - Bean 'sqlSessionFactory' of type [org.apache.ibatis.session.defaults.DefaultSqlSessionFactory] is not eligible for getting processed by all BeanPostProcessors (for example: not eligible for auto-proxying)
2017-06-05 20:01:52.381 INFO  [main]o.s.c.s.PostProcessorRegistrationDelegate$BeanPostProcessorChecker.postProcessAfterInitialization:325 - Bean 'sysUserDao' of type [org.mybatis.spring.mapper.MapperFactoryBean] is not eligible for getting processed by all BeanPostProcessors (for example: not eligible for auto-proxying)
2017-06-05 20:01:52.384 INFO  [main]o.s.c.s.PostProcessorRegistrationDelegate$BeanPostProcessorChecker.postProcessAfterInitialization:325 - Bean 'sysUserDao' of type [com.sun.proxy.$Proxy26] is not eligible for getting processed by all BeanPostProcessors (for example: not eligible for auto-proxying)
2017-06-05 20:01:52.389 INFO  [main]o.s.c.s.PostProcessorRegistrationDelegate$BeanPostProcessorChecker.postProcessAfterInitialization:325 - Bean 'sysUserServiceImpl' of type [com.qhcs.ssm.service.impl.admin.SysUserServiceImpl] is not eligible for getting processed by all BeanPostProcessors (for example: not eligible for auto-proxying)
2017-06-05 20:01:52.395 INFO  [main]o.s.c.s.PostProcessorRegistrationDelegate$BeanPostProcessorChecker.postProcessAfterInitialization:325 - Bean 'sysRoleDao' of type [org.mybatis.spring.mapper.MapperFactoryBean] is not eligible for getting processed by all BeanPostProcessors (for example: not eligible for auto-proxying)
2017-06-05 20:01:52.398 INFO  [main]o.s.c.s.PostProcessorRegistrationDelegate$BeanPostProcessorChecker.postProcessAfterInitialization:325 - Bean 'sysRoleDao' of type [com.sun.proxy.$Proxy27] is not eligible for getting processed by all BeanPostProcessors (for example: not eligible for auto-proxying)
2017-06-05 20:01:52.400 INFO  [main]o.s.c.s.PostProcessorRegistrationDelegate$BeanPostProcessorChecker.postProcessAfterInitialization:325 - Bean 'sysRoleServiceImpl' of type [com.qhcs.ssm.service.impl.admin.SysRoleServiceImpl] is not eligible for getting processed by all BeanPostProcessors (for example: not eligible for auto-proxying)
2017-06-05 20:01:52.409 INFO  [main]o.s.c.s.PostProcessorRegistrationDelegate$BeanPostProcessorChecker.postProcessAfterInitialization:325 - Bean 'sysFunctionDao' of type [org.mybatis.spring.mapper.MapperFactoryBean] is not eligible for getting processed by all BeanPostProcessors (for example: not eligible for auto-proxying)
2017-06-05 20:01:52.411 INFO  [main]o.s.c.s.PostProcessorRegistrationDelegate$BeanPostProcessorChecker.postProcessAfterInitialization:325 - Bean 'sysFunctionDao' of type [com.sun.proxy.$Proxy28] is not eligible for getting processed by all BeanPostProcessors (for example: not eligible for auto-proxying)
2017-06-05 20:01:52.412 INFO  [main]o.s.c.s.PostProcessorRegistrationDelegate$BeanPostProcessorChecker.postProcessAfterInitialization:325 - Bean 'sysFunctionServiceImpl' of type [com.qhcs.ssm.service.impl.admin.SysFunctionServiceImpl] is not eligible for getting processed by all BeanPostProcessors (for example: not eligible for auto-proxying)
2017-06-05 20:01:52.413 INFO  [main]o.s.c.s.PostProcessorRegistrationDelegate$BeanPostProcessorChecker.postProcessAfterInitialization:325 - Bean 'shiroDbRealm' of type [com.qhcs.ssm.common.auth.ShiroDbRealm] is not eligible for getting processed by all BeanPostProcessors (for example: not eligible for auto-proxying)
2017-06-05 20:01:52.431 INFO  [main]o.s.c.e.EhCacheManagerFactoryBean.afterPropertiesSet:130 - Initializing EhCache CacheManager
2017-06-05 20:01:52.646 INFO  [main]o.s.c.s.PostProcessorRegistrationDelegate$BeanPostProcessorChecker.postProcessAfterInitialization:325 - Bean 'ehcache' of type [org.springframework.cache.ehcache.EhCacheManagerFactoryBean] is not eligible for getting processed by all BeanPostProcessors (for example: not eligible for auto-proxying)
2017-06-05 20:01:52.647 INFO  [main]o.s.c.s.PostProcessorRegistrationDelegate$BeanPostProcessorChecker.postProcessAfterInitialization:325 - Bean 'ehcache' of type [net.sf.ehcache.CacheManager] is not eligible for getting processed by all BeanPostProcessors (for example: not eligible for auto-proxying)
2017-06-05 20:01:52.647 INFO  [main]o.s.c.s.PostProcessorRegistrationDelegate$BeanPostProcessorChecker.postProcessAfterInitialization:325 - Bean 'shiroCacheManager' of type [org.apache.shiro.cache.ehcache.EhCacheManager] is not eligible for getting processed by all BeanPostProcessors (for example: not eligible for auto-proxying)
2017-06-05 20:01:52.674 INFO  [main]o.s.c.s.PostProcessorRegistrationDelegate$BeanPostProcessorChecker.postProcessAfterInitialization:325 - Bean 'sessionIdGenerator' of type [org.apache.shiro.session.mgt.eis.JavaUuidSessionIdGenerator] is not eligible for getting processed by all BeanPostProcessors (for example: not eligible for auto-proxying)
2017-06-05 20:01:52.675 INFO  [main]o.s.c.s.PostProcessorRegistrationDelegate$BeanPostProcessorChecker.postProcessAfterInitialization:325 - Bean 'sessionDAO' of type [org.apache.shiro.session.mgt.eis.EnterpriseCacheSessionDAO] is not eligible for getting processed by all BeanPostProcessors (for example: not eligible for auto-proxying)
2017-06-05 20:01:52.683 INFO  [main]o.s.c.s.PostProcessorRegistrationDelegate$BeanPostProcessorChecker.postProcessAfterInitialization:325 - Bean 'sessionIdCookie' of type [org.apache.shiro.web.servlet.SimpleCookie] is not eligible for getting processed by all BeanPostProcessors (for example: not eligible for auto-proxying)
2017-06-05 20:01:52.684 INFO  [main]o.s.c.s.PostProcessorRegistrationDelegate$BeanPostProcessorChecker.postProcessAfterInitialization:325 - Bean 'sessionManager' of type [org.apache.shiro.web.session.mgt.DefaultWebSessionManager] is not eligible for getting processed by all BeanPostProcessors (for example: not eligible for auto-proxying)
2017-06-05 20:01:52.686 INFO  [main]o.a.s.cache.ehcache.EhCacheManager.getCache:158 - Cache with name 'com.qhcs.ssm.common.auth.ShiroDbRealm.authorizationCache' does not yet exist.  Creating now.
2017-06-05 20:01:52.696 INFO  [main]o.a.s.cache.ehcache.EhCacheManager.getCache:165 - Added EhCache named [com.qhcs.ssm.common.auth.ShiroDbRealm.authorizationCache]
2017-06-05 20:01:52.698 INFO  [main]o.s.c.s.PostProcessorRegistrationDelegate$BeanPostProcessorChecker.postProcessAfterInitialization:325 - Bean 'securityManager' of type [org.apache.shiro.web.mgt.DefaultWebSecurityManager] is not eligible for getting processed by all BeanPostProcessors (for example: not eligible for auto-proxying)
2017-06-05 20:01:52.699 INFO  [main]o.s.c.s.PostProcessorRegistrationDelegate$BeanPostProcessorChecker.postProcessAfterInitialization:325 - Bean 'org.apache.shiro.spring.security.interceptor.AuthorizationAttributeSourceAdvisor#0' of type [org.apache.shiro.spring.security.interceptor.AuthorizationAttributeSourceAdvisor] is not eligible for getting processed by all BeanPostProcessors (for example: not eligible for auto-proxying)
2017-06-05 20:02:05.496 INFO  [main]o.s.w.s.m.m.a.RequestMappingHandlerMapping.register:543 - Mapped "{[/admin || /admin/index]}" onto public java.lang.String com.qhcs.ssm.controller.admin.AdminController.index()
2017-06-05 20:02:05.498 INFO  [main]o.s.w.s.m.m.a.RequestMappingHandlerMapping.register:543 - Mapped "{[/admin/logout]}" onto public java.lang.String com.qhcs.ssm.controller.admin.AdminController.logout(org.springframework.ui.Model)
2017-06-05 20:02:05.499 INFO  [main]o.s.w.s.m.m.a.RequestMappingHandlerMapping.register:543 - Mapped "{[/admin/login],methods=[POST]}" onto public java.lang.String com.qhcs.ssm.controller.admin.AdminController.login(com.qhcs.ssm.entity.admin.SysUser,org.springframework.validation.BindingResult,org.springframework.ui.Model)
2017-06-05 20:02:05.500 INFO  [main]o.s.w.s.m.m.a.RequestMappingHandlerMapping.register:543 - Mapped "{[/admin/login],methods=[GET]}" onto public java.lang.String com.qhcs.ssm.controller.admin.AdminController.login()
2017-06-05 20:02:05.503 INFO  [main]o.s.w.s.m.m.a.RequestMappingHandlerMapping.register:543 - Mapped "{[/getArticleById],methods=[GET]}" onto public com.qhcs.ssm.entity.article.Article com.qhcs.ssm.controller.article.ArticleController.getArticleById(java.lang.Integer)
2017-06-05 20:02:05.504 INFO  [main]o.s.w.s.m.m.a.RequestMappingHandlerMapping.register:543 - Mapped "{[/deleteArticle],methods=[POST]}" onto public java.lang.String com.qhcs.ssm.controller.article.ArticleController.deleteArticle(java.lang.Integer[])
2017-06-05 20:02:05.505 INFO  [main]o.s.w.s.m.m.a.RequestMappingHandlerMapping.register:543 - Mapped "{[/updateArticle],methods=[POST]}" onto public java.lang.String com.qhcs.ssm.controller.article.ArticleController.updateArticle(com.qhcs.ssm.entity.article.Article)
2017-06-05 20:02:05.507 INFO  [main]o.s.w.s.m.m.a.RequestMappingHandlerMapping.register:543 - Mapped "{[/addArticle],methods=[POST]}" onto public java.lang.String com.qhcs.ssm.controller.article.ArticleController.addArticle(com.qhcs.ssm.entity.article.Article)
2017-06-05 20:02:05.508 INFO  [main]o.s.w.s.m.m.a.RequestMappingHandlerMapping.register:543 - Mapped "{[/article]}" onto public java.lang.String com.qhcs.ssm.controller.article.ArticleController.articleList(com.qhcs.ssm.page.article.ArticlePage,org.springframework.ui.Model)
2017-06-05 20:02:05.509 INFO  [main]o.s.w.s.m.m.a.RequestMappingHandlerMapping.register:543 - Mapped "{[/article/{id}]}" onto public java.lang.String com.qhcs.ssm.controller.article.ArticleController.article(java.lang.String,org.springframework.ui.Model)
2017-06-05 20:02:05.595 INFO  [main]o.h.validator.internal.util.Version.<clinit>:30 - HV000001: Hibernate Validator 5.4.1.Final
2017-06-05 20:02:06.461 INFO  [main]o.s.w.s.m.m.a.RequestMappingHandlerAdapter.initControllerAdviceCache:534 - Looking for @ControllerAdvice: org.springframework.context.support.GenericApplicationContext@32464a14: startup date [Mon Jun 05 20:01:50 CST 2017]; root of context hierarchy
2017-06-05 20:02:06.657 INFO  [main]o.s.w.s.m.m.a.RequestMappingHandlerAdapter.initControllerAdviceCache:534 - Looking for @ControllerAdvice: org.springframework.context.support.GenericApplicationContext@32464a14: startup date [Mon Jun 05 20:01:50 CST 2017]; root of context hierarchy
2017-06-05 20:02:06.859 INFO  [main]o.s.w.s.h.SimpleUrlHandlerMapping.registerHandler:362 - Mapped URL path [/**] onto handler 'org.springframework.web.servlet.resource.DefaultServletHttpRequestHandler#0'
2017-06-05 20:02:07.091 INFO  [Thread-3]o.s.c.s.GenericApplicationContext.doClose:987 - Closing org.springframework.context.support.GenericApplicationContext@32464a14: startup date [Mon Jun 05 20:01:50 CST 2017]; root of context hierarchy
2017-06-05 20:02:07.120 INFO  [Thread-3]o.s.c.e.EhCacheManagerFactoryBean.destroy:187 - Shutting down EhCache CacheManager
2017-06-05 20:02:07.133 INFO  [Thread-3]c.alibaba.druid.pool.DruidDataSource.close:1543 - {dataSource-1} closed
2017-06-05 20:27:32.687 INFO  [main]o.s.t.c.s.DefaultTestContextBootstrapper.getDefaultTestExecutionListenerClassNames:260 - Loaded default TestExecutionListener class names from location [META-INF/spring.factories]: [org.springframework.test.context.web.ServletTestExecutionListener, org.springframework.test.context.support.DirtiesContextBeforeModesTestExecutionListener, org.springframework.test.context.support.DependencyInjectionTestExecutionListener, org.springframework.test.context.support.DirtiesContextTestExecutionListener, org.springframework.test.context.transaction.TransactionalTestExecutionListener, org.springframework.test.context.jdbc.SqlScriptsTestExecutionListener]
2017-06-05 20:27:32.710 INFO  [main]o.s.t.c.s.DefaultTestContextBootstrapper.getTestExecutionListeners:187 - Using TestExecutionListeners: [org.springframework.test.context.web.ServletTestExecutionListener@df27fae, org.springframework.test.context.support.DirtiesContextBeforeModesTestExecutionListener@24a35978, org.springframework.test.context.support.DependencyInjectionTestExecutionListener@16f7c8c1, org.springframework.test.context.support.DirtiesContextTestExecutionListener@2f0a87b3, org.springframework.test.context.transaction.TransactionalTestExecutionListener@319b92f3, org.springframework.test.context.jdbc.SqlScriptsTestExecutionListener@fcd6521]
2017-06-05 20:27:32.773 INFO  [main]o.s.b.f.xml.XmlBeanDefinitionReader.loadBeanDefinitions:317 - Loading XML bean definitions from class path resource [spring/spring-context.xml]
2017-06-05 20:27:33.027 INFO  [main]o.s.b.f.xml.XmlBeanDefinitionReader.loadBeanDefinitions:317 - Loading XML bean definitions from class path resource [spring/spring-ehcache.xml]
2017-06-05 20:27:33.065 INFO  [main]o.s.b.f.xml.XmlBeanDefinitionReader.loadBeanDefinitions:317 - Loading XML bean definitions from class path resource [spring/spring-shiro.xml]
2017-06-05 20:27:33.099 INFO  [main]o.s.b.f.xml.XmlBeanDefinitionReader.loadBeanDefinitions:317 - Loading XML bean definitions from class path resource [spring/spring-mvc.xml]
2017-06-05 20:27:33.215 INFO  [main]o.s.b.f.xml.XmlBeanDefinitionReader.loadBeanDefinitions:317 - Loading XML bean definitions from class path resource [spring/spring-redis.xml]
2017-06-05 20:27:33.234 INFO  [main]o.s.c.s.GenericApplicationContext.prepareRefresh:582 - Refreshing org.springframework.context.support.GenericApplicationContext@32464a14: startup date [Mon Jun 05 20:27:33 CST 2017]; root of context hierarchy
2017-06-05 20:27:34.646 INFO  [main]c.alibaba.druid.pool.DruidDataSource.init:794 - {dataSource-1} inited
2017-06-05 20:27:34.647 INFO  [main]o.s.c.s.PostProcessorRegistrationDelegate$BeanPostProcessorChecker.postProcessAfterInitialization:325 - Bean 'dataSource' of type [com.alibaba.druid.pool.DruidDataSource] is not eligible for getting processed by all BeanPostProcessors (for example: not eligible for auto-proxying)
2017-06-05 20:27:34.948 INFO  [main]o.s.c.s.PostProcessorRegistrationDelegate$BeanPostProcessorChecker.postProcessAfterInitialization:325 - Bean 'sqlSessionFactory' of type [org.mybatis.spring.SqlSessionFactoryBean] is not eligible for getting processed by all BeanPostProcessors (for example: not eligible for auto-proxying)
2017-06-05 20:27:34.949 INFO  [main]o.s.c.s.PostProcessorRegistrationDelegate$BeanPostProcessorChecker.postProcessAfterInitialization:325 - Bean 'sqlSessionFactory' of type [org.apache.ibatis.session.defaults.DefaultSqlSessionFactory] is not eligible for getting processed by all BeanPostProcessors (for example: not eligible for auto-proxying)
2017-06-05 20:27:34.956 INFO  [main]o.s.c.s.PostProcessorRegistrationDelegate$BeanPostProcessorChecker.postProcessAfterInitialization:325 - Bean 'sysUserDao' of type [org.mybatis.spring.mapper.MapperFactoryBean] is not eligible for getting processed by all BeanPostProcessors (for example: not eligible for auto-proxying)
2017-06-05 20:27:34.959 INFO  [main]o.s.c.s.PostProcessorRegistrationDelegate$BeanPostProcessorChecker.postProcessAfterInitialization:325 - Bean 'sysUserDao' of type [com.sun.proxy.$Proxy26] is not eligible for getting processed by all BeanPostProcessors (for example: not eligible for auto-proxying)
2017-06-05 20:27:34.961 INFO  [main]o.s.c.s.PostProcessorRegistrationDelegate$BeanPostProcessorChecker.postProcessAfterInitialization:325 - Bean 'sysUserServiceImpl' of type [com.qhcs.ssm.service.impl.admin.SysUserServiceImpl] is not eligible for getting processed by all BeanPostProcessors (for example: not eligible for auto-proxying)
2017-06-05 20:27:34.969 INFO  [main]o.s.c.s.PostProcessorRegistrationDelegate$BeanPostProcessorChecker.postProcessAfterInitialization:325 - Bean 'sysRoleDao' of type [org.mybatis.spring.mapper.MapperFactoryBean] is not eligible for getting processed by all BeanPostProcessors (for example: not eligible for auto-proxying)
2017-06-05 20:27:34.973 INFO  [main]o.s.c.s.PostProcessorRegistrationDelegate$BeanPostProcessorChecker.postProcessAfterInitialization:325 - Bean 'sysRoleDao' of type [com.sun.proxy.$Proxy27] is not eligible for getting processed by all BeanPostProcessors (for example: not eligible for auto-proxying)
2017-06-05 20:27:34.974 INFO  [main]o.s.c.s.PostProcessorRegistrationDelegate$BeanPostProcessorChecker.postProcessAfterInitialization:325 - Bean 'sysRoleServiceImpl' of type [com.qhcs.ssm.service.impl.admin.SysRoleServiceImpl] is not eligible for getting processed by all BeanPostProcessors (for example: not eligible for auto-proxying)
2017-06-05 20:27:34.983 INFO  [main]o.s.c.s.PostProcessorRegistrationDelegate$BeanPostProcessorChecker.postProcessAfterInitialization:325 - Bean 'sysFunctionDao' of type [org.mybatis.spring.mapper.MapperFactoryBean] is not eligible for getting processed by all BeanPostProcessors (for example: not eligible for auto-proxying)
2017-06-05 20:27:34.985 INFO  [main]o.s.c.s.PostProcessorRegistrationDelegate$BeanPostProcessorChecker.postProcessAfterInitialization:325 - Bean 'sysFunctionDao' of type [com.sun.proxy.$Proxy28] is not eligible for getting processed by all BeanPostProcessors (for example: not eligible for auto-proxying)
2017-06-05 20:27:34.986 INFO  [main]o.s.c.s.PostProcessorRegistrationDelegate$BeanPostProcessorChecker.postProcessAfterInitialization:325 - Bean 'sysFunctionServiceImpl' of type [com.qhcs.ssm.service.impl.admin.SysFunctionServiceImpl] is not eligible for getting processed by all BeanPostProcessors (for example: not eligible for auto-proxying)
2017-06-05 20:27:34.987 INFO  [main]o.s.c.s.PostProcessorRegistrationDelegate$BeanPostProcessorChecker.postProcessAfterInitialization:325 - Bean 'shiroDbRealm' of type [com.qhcs.ssm.common.auth.ShiroDbRealm] is not eligible for getting processed by all BeanPostProcessors (for example: not eligible for auto-proxying)
2017-06-05 20:27:35.001 INFO  [main]o.s.c.e.EhCacheManagerFactoryBean.afterPropertiesSet:130 - Initializing EhCache CacheManager
2017-06-05 20:27:35.213 INFO  [main]o.s.c.s.PostProcessorRegistrationDelegate$BeanPostProcessorChecker.postProcessAfterInitialization:325 - Bean 'ehcache' of type [org.springframework.cache.ehcache.EhCacheManagerFactoryBean] is not eligible for getting processed by all BeanPostProcessors (for example: not eligible for auto-proxying)
2017-06-05 20:27:35.215 INFO  [main]o.s.c.s.PostProcessorRegistrationDelegate$BeanPostProcessorChecker.postProcessAfterInitialization:325 - Bean 'ehcache' of type [net.sf.ehcache.CacheManager] is not eligible for getting processed by all BeanPostProcessors (for example: not eligible for auto-proxying)
2017-06-05 20:27:35.215 INFO  [main]o.s.c.s.PostProcessorRegistrationDelegate$BeanPostProcessorChecker.postProcessAfterInitialization:325 - Bean 'shiroCacheManager' of type [org.apache.shiro.cache.ehcache.EhCacheManager] is not eligible for getting processed by all BeanPostProcessors (for example: not eligible for auto-proxying)
2017-06-05 20:27:35.294 INFO  [main]o.s.c.s.PostProcessorRegistrationDelegate$BeanPostProcessorChecker.postProcessAfterInitialization:325 - Bean 'sessionIdGenerator' of type [org.apache.shiro.session.mgt.eis.JavaUuidSessionIdGenerator] is not eligible for getting processed by all BeanPostProcessors (for example: not eligible for auto-proxying)
2017-06-05 20:27:35.295 INFO  [main]o.s.c.s.PostProcessorRegistrationDelegate$BeanPostProcessorChecker.postProcessAfterInitialization:325 - Bean 'sessionDAO' of type [org.apache.shiro.session.mgt.eis.EnterpriseCacheSessionDAO] is not eligible for getting processed by all BeanPostProcessors (for example: not eligible for auto-proxying)
2017-06-05 20:27:35.320 INFO  [main]o.s.c.s.PostProcessorRegistrationDelegate$BeanPostProcessorChecker.postProcessAfterInitialization:325 - Bean 'sessionIdCookie' of type [org.apache.shiro.web.servlet.SimpleCookie] is not eligible for getting processed by all BeanPostProcessors (for example: not eligible for auto-proxying)
2017-06-05 20:27:35.324 INFO  [main]o.s.c.s.PostProcessorRegistrationDelegate$BeanPostProcessorChecker.postProcessAfterInitialization:325 - Bean 'sessionManager' of type [org.apache.shiro.web.session.mgt.DefaultWebSessionManager] is not eligible for getting processed by all BeanPostProcessors (for example: not eligible for auto-proxying)
2017-06-05 20:27:35.325 INFO  [main]o.a.s.cache.ehcache.EhCacheManager.getCache:158 - Cache with name 'com.qhcs.ssm.common.auth.ShiroDbRealm.authorizationCache' does not yet exist.  Creating now.
2017-06-05 20:27:35.361 INFO  [main]o.a.s.cache.ehcache.EhCacheManager.getCache:165 - Added EhCache named [com.qhcs.ssm.common.auth.ShiroDbRealm.authorizationCache]
2017-06-05 20:27:35.363 INFO  [main]o.s.c.s.PostProcessorRegistrationDelegate$BeanPostProcessorChecker.postProcessAfterInitialization:325 - Bean 'securityManager' of type [org.apache.shiro.web.mgt.DefaultWebSecurityManager] is not eligible for getting processed by all BeanPostProcessors (for example: not eligible for auto-proxying)
2017-06-05 20:27:35.364 INFO  [main]o.s.c.s.PostProcessorRegistrationDelegate$BeanPostProcessorChecker.postProcessAfterInitialization:325 - Bean 'org.apache.shiro.spring.security.interceptor.AuthorizationAttributeSourceAdvisor#0' of type [org.apache.shiro.spring.security.interceptor.AuthorizationAttributeSourceAdvisor] is not eligible for getting processed by all BeanPostProcessors (for example: not eligible for auto-proxying)
2017-06-05 20:27:36.486 INFO  [main]o.s.w.s.m.m.a.RequestMappingHandlerMapping.register:543 - Mapped "{[/admin || /admin/index]}" onto public java.lang.String com.qhcs.ssm.controller.admin.AdminController.index()
2017-06-05 20:27:36.488 INFO  [main]o.s.w.s.m.m.a.RequestMappingHandlerMapping.register:543 - Mapped "{[/admin/login],methods=[POST]}" onto public java.lang.String com.qhcs.ssm.controller.admin.AdminController.login(com.qhcs.ssm.entity.admin.SysUser,org.springframework.validation.BindingResult,org.springframework.ui.Model)
2017-06-05 20:27:36.489 INFO  [main]o.s.w.s.m.m.a.RequestMappingHandlerMapping.register:543 - Mapped "{[/admin/login],methods=[GET]}" onto public java.lang.String com.qhcs.ssm.controller.admin.AdminController.login()
2017-06-05 20:27:36.490 INFO  [main]o.s.w.s.m.m.a.RequestMappingHandlerMapping.register:543 - Mapped "{[/admin/logout]}" onto public java.lang.String com.qhcs.ssm.controller.admin.AdminController.logout(org.springframework.ui.Model)
2017-06-05 20:27:36.492 INFO  [main]o.s.w.s.m.m.a.RequestMappingHandlerMapping.register:543 - Mapped "{[/getArticleById],methods=[GET]}" onto public com.qhcs.ssm.entity.article.Article com.qhcs.ssm.controller.article.ArticleController.getArticleById(java.lang.Integer)
2017-06-05 20:27:36.493 INFO  [main]o.s.w.s.m.m.a.RequestMappingHandlerMapping.register:543 - Mapped "{[/updateArticle],methods=[POST]}" onto public java.lang.String com.qhcs.ssm.controller.article.ArticleController.updateArticle(com.qhcs.ssm.entity.article.Article)
2017-06-05 20:27:36.494 INFO  [main]o.s.w.s.m.m.a.RequestMappingHandlerMapping.register:543 - Mapped "{[/deleteArticle],methods=[POST]}" onto public java.lang.String com.qhcs.ssm.controller.article.ArticleController.deleteArticle(java.lang.Integer[])
2017-06-05 20:27:36.495 INFO  [main]o.s.w.s.m.m.a.RequestMappingHandlerMapping.register:543 - Mapped "{[/addArticle],methods=[POST]}" onto public java.lang.String com.qhcs.ssm.controller.article.ArticleController.addArticle(com.qhcs.ssm.entity.article.Article)
2017-06-05 20:27:36.497 INFO  [main]o.s.w.s.m.m.a.RequestMappingHandlerMapping.register:543 - Mapped "{[/article/{id}]}" onto public java.lang.String com.qhcs.ssm.controller.article.ArticleController.article(java.lang.String,org.springframework.ui.Model)
2017-06-05 20:27:36.498 INFO  [main]o.s.w.s.m.m.a.RequestMappingHandlerMapping.register:543 - Mapped "{[/article]}" onto public java.lang.String com.qhcs.ssm.controller.article.ArticleController.articleList(com.qhcs.ssm.page.article.ArticlePage,org.springframework.ui.Model)
2017-06-05 20:27:36.596 INFO  [main]o.h.validator.internal.util.Version.<clinit>:30 - HV000001: Hibernate Validator 5.4.1.Final
2017-06-05 20:27:37.222 INFO  [main]o.s.w.s.m.m.a.RequestMappingHandlerAdapter.initControllerAdviceCache:534 - Looking for @ControllerAdvice: org.springframework.context.support.GenericApplicationContext@32464a14: startup date [Mon Jun 05 20:27:33 CST 2017]; root of context hierarchy
2017-06-05 20:27:37.484 INFO  [main]o.s.w.s.m.m.a.RequestMappingHandlerAdapter.initControllerAdviceCache:534 - Looking for @ControllerAdvice: org.springframework.context.support.GenericApplicationContext@32464a14: startup date [Mon Jun 05 20:27:33 CST 2017]; root of context hierarchy
2017-06-05 20:27:37.733 INFO  [main]o.s.w.s.h.SimpleUrlHandlerMapping.registerHandler:362 - Mapped URL path [/**] onto handler 'org.springframework.web.servlet.resource.DefaultServletHttpRequestHandler#0'
2017-06-05 20:27:38.100 INFO  [Thread-3]o.s.c.s.GenericApplicationContext.doClose:987 - Closing org.springframework.context.support.GenericApplicationContext@32464a14: startup date [Mon Jun 05 20:27:33 CST 2017]; root of context hierarchy
2017-06-05 20:27:38.111 INFO  [Thread-3]o.s.c.e.EhCacheManagerFactoryBean.destroy:187 - Shutting down EhCache CacheManager
2017-06-05 20:27:38.121 INFO  [Thread-3]c.alibaba.druid.pool.DruidDataSource.close:1543 - {dataSource-1} closed
2017-06-05 20:27:50.071 INFO  [main]o.s.t.c.s.DefaultTestContextBootstrapper.getDefaultTestExecutionListenerClassNames:260 - Loaded default TestExecutionListener class names from location [META-INF/spring.factories]: [org.springframework.test.context.web.ServletTestExecutionListener, org.springframework.test.context.support.DirtiesContextBeforeModesTestExecutionListener, org.springframework.test.context.support.DependencyInjectionTestExecutionListener, org.springframework.test.context.support.DirtiesContextTestExecutionListener, org.springframework.test.context.transaction.TransactionalTestExecutionListener, org.springframework.test.context.jdbc.SqlScriptsTestExecutionListener]
2017-06-05 20:27:50.088 INFO  [main]o.s.t.c.s.DefaultTestContextBootstrapper.getTestExecutionListeners:187 - Using TestExecutionListeners: [org.springframework.test.context.web.ServletTestExecutionListener@df27fae, org.springframework.test.context.support.DirtiesContextBeforeModesTestExecutionListener@24a35978, org.springframework.test.context.support.DependencyInjectionTestExecutionListener@16f7c8c1, org.springframework.test.context.support.DirtiesContextTestExecutionListener@2f0a87b3, org.springframework.test.context.transaction.TransactionalTestExecutionListener@319b92f3, org.springframework.test.context.jdbc.SqlScriptsTestExecutionListener@fcd6521]
2017-06-05 20:27:50.159 INFO  [main]o.s.b.f.xml.XmlBeanDefinitionReader.loadBeanDefinitions:317 - Loading XML bean definitions from class path resource [spring/spring-context.xml]
2017-06-05 20:27:50.387 INFO  [main]o.s.b.f.xml.XmlBeanDefinitionReader.loadBeanDefinitions:317 - Loading XML bean definitions from class path resource [spring/spring-ehcache.xml]
2017-06-05 20:27:50.422 INFO  [main]o.s.b.f.xml.XmlBeanDefinitionReader.loadBeanDefinitions:317 - Loading XML bean definitions from class path resource [spring/spring-shiro.xml]
2017-06-05 20:27:50.445 INFO  [main]o.s.b.f.xml.XmlBeanDefinitionReader.loadBeanDefinitions:317 - Loading XML bean definitions from class path resource [spring/spring-mvc.xml]
2017-06-05 20:27:50.556 INFO  [main]o.s.b.f.xml.XmlBeanDefinitionReader.loadBeanDefinitions:317 - Loading XML bean definitions from class path resource [spring/spring-redis.xml]
2017-06-05 20:27:50.572 INFO  [main]o.s.c.s.GenericApplicationContext.prepareRefresh:582 - Refreshing org.springframework.context.support.GenericApplicationContext@32464a14: startup date [Mon Jun 05 20:27:50 CST 2017]; root of context hierarchy
2017-06-05 20:27:51.969 INFO  [main]c.alibaba.druid.pool.DruidDataSource.init:794 - {dataSource-1} inited
2017-06-05 20:27:51.970 INFO  [main]o.s.c.s.PostProcessorRegistrationDelegate$BeanPostProcessorChecker.postProcessAfterInitialization:325 - Bean 'dataSource' of type [com.alibaba.druid.pool.DruidDataSource] is not eligible for getting processed by all BeanPostProcessors (for example: not eligible for auto-proxying)
2017-06-05 20:27:52.485 INFO  [main]o.s.c.s.PostProcessorRegistrationDelegate$BeanPostProcessorChecker.postProcessAfterInitialization:325 - Bean 'sqlSessionFactory' of type [org.mybatis.spring.SqlSessionFactoryBean] is not eligible for getting processed by all BeanPostProcessors (for example: not eligible for auto-proxying)
2017-06-05 20:27:52.487 INFO  [main]o.s.c.s.PostProcessorRegistrationDelegate$BeanPostProcessorChecker.postProcessAfterInitialization:325 - Bean 'sqlSessionFactory' of type [org.apache.ibatis.session.defaults.DefaultSqlSessionFactory] is not eligible for getting processed by all BeanPostProcessors (for example: not eligible for auto-proxying)
2017-06-05 20:27:52.496 INFO  [main]o.s.c.s.PostProcessorRegistrationDelegate$BeanPostProcessorChecker.postProcessAfterInitialization:325 - Bean 'sysUserDao' of type [org.mybatis.spring.mapper.MapperFactoryBean] is not eligible for getting processed by all BeanPostProcessors (for example: not eligible for auto-proxying)
2017-06-05 20:27:52.503 INFO  [main]o.s.c.s.PostProcessorRegistrationDelegate$BeanPostProcessorChecker.postProcessAfterInitialization:325 - Bean 'sysUserDao' of type [com.sun.proxy.$Proxy26] is not eligible for getting processed by all BeanPostProcessors (for example: not eligible for auto-proxying)
2017-06-05 20:27:52.506 INFO  [main]o.s.c.s.PostProcessorRegistrationDelegate$BeanPostProcessorChecker.postProcessAfterInitialization:325 - Bean 'sysUserServiceImpl' of type [com.qhcs.ssm.service.impl.admin.SysUserServiceImpl] is not eligible for getting processed by all BeanPostProcessors (for example: not eligible for auto-proxying)
2017-06-05 20:27:52.514 INFO  [main]o.s.c.s.PostProcessorRegistrationDelegate$BeanPostProcessorChecker.postProcessAfterInitialization:325 - Bean 'sysRoleDao' of type [org.mybatis.spring.mapper.MapperFactoryBean] is not eligible for getting processed by all BeanPostProcessors (for example: not eligible for auto-proxying)
2017-06-05 20:27:52.517 INFO  [main]o.s.c.s.PostProcessorRegistrationDelegate$BeanPostProcessorChecker.postProcessAfterInitialization:325 - Bean 'sysRoleDao' of type [com.sun.proxy.$Proxy27] is not eligible for getting processed by all BeanPostProcessors (for example: not eligible for auto-proxying)
2017-06-05 20:27:52.518 INFO  [main]o.s.c.s.PostProcessorRegistrationDelegate$BeanPostProcessorChecker.postProcessAfterInitialization:325 - Bean 'sysRoleServiceImpl' of type [com.qhcs.ssm.service.impl.admin.SysRoleServiceImpl] is not eligible for getting processed by all BeanPostProcessors (for example: not eligible for auto-proxying)
2017-06-05 20:27:52.527 INFO  [main]o.s.c.s.PostProcessorRegistrationDelegate$BeanPostProcessorChecker.postProcessAfterInitialization:325 - Bean 'sysFunctionDao' of type [org.mybatis.spring.mapper.MapperFactoryBean] is not eligible for getting processed by all BeanPostProcessors (for example: not eligible for auto-proxying)
2017-06-05 20:27:52.530 INFO  [main]o.s.c.s.PostProcessorRegistrationDelegate$BeanPostProcessorChecker.postProcessAfterInitialization:325 - Bean 'sysFunctionDao' of type [com.sun.proxy.$Proxy28] is not eligible for getting processed by all BeanPostProcessors (for example: not eligible for auto-proxying)
2017-06-05 20:27:52.532 INFO  [main]o.s.c.s.PostProcessorRegistrationDelegate$BeanPostProcessorChecker.postProcessAfterInitialization:325 - Bean 'sysFunctionServiceImpl' of type [com.qhcs.ssm.service.impl.admin.SysFunctionServiceImpl] is not eligible for getting processed by all BeanPostProcessors (for example: not eligible for auto-proxying)
2017-06-05 20:27:52.533 INFO  [main]o.s.c.s.PostProcessorRegistrationDelegate$BeanPostProcessorChecker.postProcessAfterInitialization:325 - Bean 'shiroDbRealm' of type [com.qhcs.ssm.common.auth.ShiroDbRealm] is not eligible for getting processed by all BeanPostProcessors (for example: not eligible for auto-proxying)
2017-06-05 20:27:52.550 INFO  [main]o.s.c.e.EhCacheManagerFactoryBean.afterPropertiesSet:130 - Initializing EhCache CacheManager
2017-06-05 20:27:52.738 INFO  [main]o.s.c.s.PostProcessorRegistrationDelegate$BeanPostProcessorChecker.postProcessAfterInitialization:325 - Bean 'ehcache' of type [org.springframework.cache.ehcache.EhCacheManagerFactoryBean] is not eligible for getting processed by all BeanPostProcessors (for example: not eligible for auto-proxying)
2017-06-05 20:27:52.739 INFO  [main]o.s.c.s.PostProcessorRegistrationDelegate$BeanPostProcessorChecker.postProcessAfterInitialization:325 - Bean 'ehcache' of type [net.sf.ehcache.CacheManager] is not eligible for getting processed by all BeanPostProcessors (for example: not eligible for auto-proxying)
2017-06-05 20:27:52.740 INFO  [main]o.s.c.s.PostProcessorRegistrationDelegate$BeanPostProcessorChecker.postProcessAfterInitialization:325 - Bean 'shiroCacheManager' of type [org.apache.shiro.cache.ehcache.EhCacheManager] is not eligible for getting processed by all BeanPostProcessors (for example: not eligible for auto-proxying)
2017-06-05 20:27:52.768 INFO  [main]o.s.c.s.PostProcessorRegistrationDelegate$BeanPostProcessorChecker.postProcessAfterInitialization:325 - Bean 'sessionIdGenerator' of type [org.apache.shiro.session.mgt.eis.JavaUuidSessionIdGenerator] is not eligible for getting processed by all BeanPostProcessors (for example: not eligible for auto-proxying)
2017-06-05 20:27:52.769 INFO  [main]o.s.c.s.PostProcessorRegistrationDelegate$BeanPostProcessorChecker.postProcessAfterInitialization:325 - Bean 'sessionDAO' of type [org.apache.shiro.session.mgt.eis.EnterpriseCacheSessionDAO] is not eligible for getting processed by all BeanPostProcessors (for example: not eligible for auto-proxying)
2017-06-05 20:27:52.781 INFO  [main]o.s.c.s.PostProcessorRegistrationDelegate$BeanPostProcessorChecker.postProcessAfterInitialization:325 - Bean 'sessionIdCookie' of type [org.apache.shiro.web.servlet.SimpleCookie] is not eligible for getting processed by all BeanPostProcessors (for example: not eligible for auto-proxying)
2017-06-05 20:27:52.783 INFO  [main]o.s.c.s.PostProcessorRegistrationDelegate$BeanPostProcessorChecker.postProcessAfterInitialization:325 - Bean 'sessionManager' of type [org.apache.shiro.web.session.mgt.DefaultWebSessionManager] is not eligible for getting processed by all BeanPostProcessors (for example: not eligible for auto-proxying)
2017-06-05 20:27:52.784 INFO  [main]o.a.s.cache.ehcache.EhCacheManager.getCache:158 - Cache with name 'com.qhcs.ssm.common.auth.ShiroDbRealm.authorizationCache' does not yet exist.  Creating now.
2017-06-05 20:27:52.807 INFO  [main]o.a.s.cache.ehcache.EhCacheManager.getCache:165 - Added EhCache named [com.qhcs.ssm.common.auth.ShiroDbRealm.authorizationCache]
2017-06-05 20:27:52.809 INFO  [main]o.s.c.s.PostProcessorRegistrationDelegate$BeanPostProcessorChecker.postProcessAfterInitialization:325 - Bean 'securityManager' of type [org.apache.shiro.web.mgt.DefaultWebSecurityManager] is not eligible for getting processed by all BeanPostProcessors (for example: not eligible for auto-proxying)
2017-06-05 20:27:52.810 INFO  [main]o.s.c.s.PostProcessorRegistrationDelegate$BeanPostProcessorChecker.postProcessAfterInitialization:325 - Bean 'org.apache.shiro.spring.security.interceptor.AuthorizationAttributeSourceAdvisor#0' of type [org.apache.shiro.spring.security.interceptor.AuthorizationAttributeSourceAdvisor] is not eligible for getting processed by all BeanPostProcessors (for example: not eligible for auto-proxying)
2017-06-05 20:27:53.546 INFO  [main]o.s.w.s.m.m.a.RequestMappingHandlerMapping.register:543 - Mapped "{[/admin || /admin/index]}" onto public java.lang.String com.qhcs.ssm.controller.admin.AdminController.index()
2017-06-05 20:27:53.548 INFO  [main]o.s.w.s.m.m.a.RequestMappingHandlerMapping.register:543 - Mapped "{[/admin/login],methods=[POST]}" onto public java.lang.String com.qhcs.ssm.controller.admin.AdminController.login(com.qhcs.ssm.entity.admin.SysUser,org.springframework.validation.BindingResult,org.springframework.ui.Model)
2017-06-05 20:27:53.549 INFO  [main]o.s.w.s.m.m.a.RequestMappingHandlerMapping.register:543 - Mapped "{[/admin/login],methods=[GET]}" onto public java.lang.String com.qhcs.ssm.controller.admin.AdminController.login()
2017-06-05 20:27:53.550 INFO  [main]o.s.w.s.m.m.a.RequestMappingHandlerMapping.register:543 - Mapped "{[/admin/logout]}" onto public java.lang.String com.qhcs.ssm.controller.admin.AdminController.logout(org.springframework.ui.Model)
2017-06-05 20:27:53.552 INFO  [main]o.s.w.s.m.m.a.RequestMappingHandlerMapping.register:543 - Mapped "{[/getArticleById],methods=[GET]}" onto public com.qhcs.ssm.entity.article.Article com.qhcs.ssm.controller.article.ArticleController.getArticleById(java.lang.Integer)
2017-06-05 20:27:53.552 INFO  [main]o.s.w.s.m.m.a.RequestMappingHandlerMapping.register:543 - Mapped "{[/updateArticle],methods=[POST]}" onto public java.lang.String com.qhcs.ssm.controller.article.ArticleController.updateArticle(com.qhcs.ssm.entity.article.Article)
2017-06-05 20:27:53.553 INFO  [main]o.s.w.s.m.m.a.RequestMappingHandlerMapping.register:543 - Mapped "{[/addArticle],methods=[POST]}" onto public java.lang.String com.qhcs.ssm.controller.article.ArticleController.addArticle(com.qhcs.ssm.entity.article.Article)
2017-06-05 20:27:53.554 INFO  [main]o.s.w.s.m.m.a.RequestMappingHandlerMapping.register:543 - Mapped "{[/deleteArticle],methods=[POST]}" onto public java.lang.String com.qhcs.ssm.controller.article.ArticleController.deleteArticle(java.lang.Integer[])
2017-06-05 20:27:53.554 INFO  [main]o.s.w.s.m.m.a.RequestMappingHandlerMapping.register:543 - Mapped "{[/article]}" onto public java.lang.String com.qhcs.ssm.controller.article.ArticleController.articleList(com.qhcs.ssm.page.article.ArticlePage,org.springframework.ui.Model)
2017-06-05 20:27:53.555 INFO  [main]o.s.w.s.m.m.a.RequestMappingHandlerMapping.register:543 - Mapped "{[/article/{id}]}" onto public java.lang.String com.qhcs.ssm.controller.article.ArticleController.article(java.lang.String,org.springframework.ui.Model)
2017-06-05 20:27:53.637 INFO  [main]o.h.validator.internal.util.Version.<clinit>:30 - HV000001: Hibernate Validator 5.4.1.Final
2017-06-05 20:27:54.230 INFO  [main]o.s.w.s.m.m.a.RequestMappingHandlerAdapter.initControllerAdviceCache:534 - Looking for @ControllerAdvice: org.springframework.context.support.GenericApplicationContext@32464a14: startup date [Mon Jun 05 20:27:50 CST 2017]; root of context hierarchy
2017-06-05 20:27:54.489 INFO  [main]o.s.w.s.m.m.a.RequestMappingHandlerAdapter.initControllerAdviceCache:534 - Looking for @ControllerAdvice: org.springframework.context.support.GenericApplicationContext@32464a14: startup date [Mon Jun 05 20:27:50 CST 2017]; root of context hierarchy
2017-06-05 20:27:54.736 INFO  [main]o.s.w.s.h.SimpleUrlHandlerMapping.registerHandler:362 - Mapped URL path [/**] onto handler 'org.springframework.web.servlet.resource.DefaultServletHttpRequestHandler#0'
2017-06-05 20:27:54.969 INFO  [Thread-3]o.s.c.s.GenericApplicationContext.doClose:987 - Closing org.springframework.context.support.GenericApplicationContext@32464a14: startup date [Mon Jun 05 20:27:50 CST 2017]; root of context hierarchy
2017-06-05 20:27:54.978 INFO  [Thread-3]o.s.c.e.EhCacheManagerFactoryBean.destroy:187 - Shutting down EhCache CacheManager
2017-06-05 20:27:54.993 INFO  [Thread-3]c.alibaba.druid.pool.DruidDataSource.close:1543 - {dataSource-1} closed
